SF:src/CommutativeRings.jl
DA:58,84
DA:61,147
DA:66,51
DA:70,42
DA:126,10791048
DA:127,6313257
DA:138,340249527
DA:151,15594
DA:167,55641
DA:178,9361746
DA:191,803582
DA:204,308037
DA:210,1035651
DA:237,195
DA:247,6
DA:258,222
DA:259,291
DA:260,222
DA:271,0
DA:272,0
LH:18
LF:20
end_of_record
SF:src/enumerations.jl
DA:7,138
DA:9,24
DA:10,39
DA:12,1977
DA:13,1977
DA:14,1977
DA:16,66270
DA:17,66270
DA:18,77421
DA:20,450
DA:21,450
DA:22,450
DA:23,450
DA:24,888
DA:25,942
DA:26,522
DA:27,420
DA:28,420
DA:29,420
DA:31,102
DA:33,186
DA:34,30
DA:35,27
DA:36,27
DA:37,27
DA:38,27
DA:39,27
DA:41,3
DA:44,17163
DA:45,28314
DA:46,28314
DA:49,1968
DA:50,1968
DA:53,49434
DA:54,49434
DA:55,49434
DA:56,47466
DA:59,4209
DA:60,4209
DA:61,7926
DA:64,3
DA:65,6
DA:66,126
DA:67,126
DA:68,126
DA:70,14481
DA:71,14481
DA:72,14481
DA:73,28962
DA:74,35298
DA:75,20850
DA:76,14448
DA:77,14448
DA:78,14448
DA:80,6402
DA:82,12771
DA:83,33
DA:87,474
DA:88,474
DA:89,474
DA:90,474
DA:91,474
DA:95,954
DA:96,954
DA:97,954
DA:98,954
DA:99,1896
DA:101,1902
DA:102,954
DA:103,1902
DA:104,474
DA:106,480
DA:107,960
DA:108,300
DA:109,300
DA:110,300
DA:111,300
DA:113,180
DA:114,180
DA:119,1152
DA:120,1152
DA:121,1152
DA:122,1152
DA:123,1152
DA:124,768
DA:125,384
DA:126,768
DA:127,768
DA:128,384
DA:129,384
DA:132,12
DA:133,9
DA:134,9
DA:135,9
DA:136,9
DA:138,0
DA:139,0
DA:140,3
DA:142,1176
DA:143,27
DA:144,9
DA:145,1161
DA:146,375
DA:147,375
DA:148,375
DA:151,9
DA:152,9
DA:153,6
DA:154,6
DA:156,384
DA:157,384
DA:159,9
DA:160,9
DA:162,0
DA:163,0
DA:167,9
DA:169,15
DA:171,0
DA:172,9
DA:174,12
DA:175,42
DA:176,42
DA:177,42
DA:178,42
DA:179,84
DA:180,54
DA:181,54
DA:182,36
DA:183,36
DA:185,18
DA:186,12
DA:188,12
DA:189,36
DA:190,36
DA:198,0
DA:199,9
DA:200,9
DA:209,53187
DA:210,83700
DA:211,53187
DA:213,53187
DA:220,53193
DA:221,144768
DA:222,91581
DA:223,50160
DA:224,50154
DA:226,41427
DA:227,41427
DA:228,41427
DA:229,41427
DA:231,41427
DA:232,30513
DA:233,30513
DA:234,30513
DA:235,30513
DA:239,91581
DA:240,53187
DA:248,18966
DA:249,18966
DA:250,18966
DA:251,37932
DA:252,21792
DA:253,24618
DA:254,18966
DA:259,18
DA:260,15
DA:262,48
DA:263,3
DA:264,0
DA:265,12
DA:266,24
DA:268,18
DA:269,21
DA:279,98130
DA:285,156759
DA:286,26073
DA:288,46443
DA:289,46443
DA:290,46443
DA:291,46443
DA:292,46443
DA:293,46443
DA:294,46443
DA:295,46443
DA:296,92886
DA:297,76701
DA:298,76701
DA:299,76701
DA:300,76701
DA:301,76701
DA:302,46443
DA:303,46443
DA:305,30258
DA:307,60516
DA:308,0
DA:316,6744
DA:322,6744
DA:323,0
DA:325,6744
DA:326,10053
DA:327,6744
DA:328,6744
DA:329,6744
DA:330,6744
DA:332,6744
DA:333,6744
DA:334,6744
DA:335,6744
DA:336,6744
DA:337,13488
DA:338,7962
DA:339,7962
DA:340,7962
DA:341,7962
DA:342,7962
DA:343,7962
DA:344,7962
DA:345,7962
DA:346,7962
DA:347,7962
DA:349,7962
DA:350,3996
DA:351,3996
DA:353,3966
DA:356,3966
DA:357,3966
DA:358,7932
DA:359,3966
DA:360,3966
DA:361,2748
DA:362,2748
DA:364,1218
DA:366,2436
DA:368,0
DA:371,53187
DA:372,53187
DA:373,53187
DA:374,106374
DA:375,159561
DA:376,53187
DA:377,53187
DA:378,53187
DA:381,37932
DA:386,37932
DA:387,18966
DA:388,75864
DA:389,56898
DA:390,18966
DA:393,46443
DA:395,76701
DA:396,46443
DA:397,46443
DA:398,46443
DA:399,92886
DA:400,76701
DA:401,106959
DA:402,80331
DA:403,64563
DA:404,95238
DA:405,46443
DA:407,3996
DA:409,4071
DA:410,3996
DA:411,3996
DA:412,3996
DA:413,3996
DA:414,7992
DA:415,5034
DA:416,6072
DA:417,6660
DA:418,4212
DA:419,5760
DA:420,3996
DA:422,2748
DA:424,2928
DA:425,2748
DA:426,2748
DA:429,2748
DA:430,2748
DA:431,2748
DA:432,5496
DA:433,2928
DA:434,3108
DA:435,5496
DA:436,4692
DA:437,6636
DA:438,2748
DA:441,53187
DA:443,53187
DA:446,84663
DA:447,84663
DA:450,46443
DA:451,46443
DA:453,6744
DA:454,6744
DA:455,10053
DA:458,0
DA:465,53193
DA:466,105939
DA:467,8265
DA:469,44928
DA:470,44928
DA:471,64584
DA:472,22293
DA:473,22293
DA:474,19656
DA:475,42291
DA:476,27495
DA:477,27495
DA:478,1821
DA:479,0
DA:481,25674
DA:482,25674
DA:483,7335
DA:484,15114
DA:485,7779
DA:486,7779
DA:487,7779
DA:488,7335
DA:490,40788
DA:491,40788
DA:492,40788
DA:501,40788
DA:502,40788
DA:503,40809
DA:504,40788
DA:506,40788
DA:507,0
DA:508,40788
DA:510,40788
DA:511,81576
DA:512,0
DA:513,40788
DA:514,0
DA:516,40788
DA:517,40788
DA:518,40788
DA:519,40788
DA:520,101664
DA:521,61338
DA:522,61338
DA:523,60876
DA:524,40326
DA:525,40326
DA:526,0
DA:527,0
DA:528,0
DA:529,0
DA:530,0
DA:531,0
DA:532,0
DA:533,0
DA:534,0
DA:535,40326
DA:543,27498
DA:544,27498
DA:545,27498
DA:546,27507
DA:547,27498
DA:556,66
DA:557,66
DA:559,29427
DA:560,29427
DA:561,29427
DA:574,26958
DA:580,26958
DA:581,26958
DA:582,41916
DA:583,20958
DA:584,18966
DA:585,18966
DA:586,18966
DA:587,41565
DA:589,18966
DA:590,21792
DA:591,18966
DA:592,37932
DA:593,21792
DA:594,24618
DA:595,18966
DA:596,41565
DA:598,18966
DA:599,18966
DA:600,18966
DA:601,18966
DA:602,18966
DA:603,37932
DA:604,21792
DA:605,21792
DA:606,21792
DA:607,21792
DA:608,24618
DA:609,18966
DA:630,9
DA:631,9
DA:632,9
DA:633,9
DA:642,9
DA:643,9
DA:652,21
DA:653,24
DA:654,21
DA:663,12
DA:664,36
DA:665,36
DA:666,24
DA:667,24
DA:669,12
DA:670,6
DA:671,6
DA:672,6
DA:673,24
DA:674,18
DA:675,18
DA:676,18
DA:677,6
DA:686,0
DA:687,0
DA:696,216
DA:697,216
DA:698,171
DA:708,18
DA:709,18
LH:397
LF:423
end_of_record
SF:src/factorization.jl
DA:12,18
DA:13,18
DA:14,18
DA:15,18
DA:16,18
DA:18,6
DA:19,6
DA:27,14811
DA:31,18540
DA:32,14811
DA:33,14811
DA:34,10602
DA:35,10602
DA:36,8508
DA:45,6
DA:46,0
DA:47,0
DA:54,0
DA:55,0
DA:56,0
DA:63,117
DA:64,117
DA:66,0
DA:67,0
DA:74,6
DA:75,6
DA:77,0
DA:78,0
DA:87,237
DA:88,237
DA:89,240
DA:90,237
DA:91,9
DA:92,9
DA:94,237
DA:95,15
DA:96,12
DA:98,12
DA:100,225
DA:101,225
DA:102,249
DA:103,249
DA:104,423
DA:105,423
DA:106,1152
DA:107,1575
DA:108,672
DA:109,474
DA:110,225
DA:120,273
DA:121,273
DA:122,273
DA:123,273
DA:124,273
DA:125,273
DA:126,273
DA:127,273
DA:128,849
DA:129,303
DA:130,303
DA:131,303
DA:132,249
DA:134,303
DA:135,303
DA:136,303
DA:137,303
DA:139,273
DA:140,48
DA:141,48
DA:142,48
DA:143,96
DA:145,273
DA:149,48
DA:150,48
DA:151,48
DA:152,96
DA:153,363
DA:154,678
DA:155,48
DA:166,249
DA:167,249
DA:168,249
DA:169,498
DA:170,249
DA:171,249
DA:172,249
DA:173,1164
DA:174,915
DA:175,915
DA:176,915
DA:177,288
DA:178,288
DA:180,915
DA:181,915
DA:182,249
DA:183,135
DA:185,249
DA:186,0
DA:188,249
DA:191,8508
DA:192,8508
DA:193,17016
DA:194,8508
DA:195,8508
DA:196,8508
DA:197,16518
DA:198,13227
DA:199,14427
DA:200,13227
DA:201,8010
DA:202,8010
DA:203,3291
DA:214,423
DA:215,423
DA:216,423
DA:217,423
DA:218,423
DA:219,234
DA:220,234
DA:221,234
DA:222,234
DA:223,1070
DA:224,836
DA:225,836
DA:226,836
DA:227,1672
DA:228,2485
DA:229,2485
DA:230,2485
DA:231,729
DA:232,729
DA:234,4134
DA:235,836
DA:236,234
DA:244,10
DA:245,10
DA:246,10
DA:247,58
DA:248,48
DA:249,48
DA:250,48
DA:251,48
DA:252,10
DA:256,21249
DA:257,21249
DA:258,21249
DA:261,0
DA:266,0
DA:267,0
DA:270,2146
DA:271,2149
DA:275,30
DA:276,30
DA:277,30
DA:278,111
DA:279,141
DA:280,30
LH:144
LF:157
end_of_record
SF:src/fraction.jl
DA:3,36
DA:4,0
DA:7,63
DA:8,111
DA:9,129
DA:10,3
DA:12,5169
DA:13,3624
DA:14,0
DA:16,3
DA:18,4530
DA:19,12
DA:21,678
DA:22,6
DA:23,1185
DA:24,3
DA:25,3
DA:26,0
DA:27,12
DA:28,4176
DA:29,4185
DA:30,4176
DA:31,4176
DA:32,4176
DA:33,4176
DA:34,4176
DA:35,4176
DA:36,4176
DA:37,4176
DA:38,4176
DA:39,4176
DA:40,4176
DA:41,4176
DA:42,4176
DA:43,4176
DA:45,3
DA:46,6
DA:47,3
DA:48,3
DA:49,3
DA:50,3
DA:51,3
DA:52,3
DA:54,3594
DA:55,636
DA:56,300
DA:57,2691
DA:59,12
DA:60,3
DA:61,21
DA:62,3
DA:65,3
DA:68,0
DA:69,0
DA:73,0
DA:77,2685
DA:78,2685
DA:79,2685
DA:80,2685
DA:81,2685
DA:82,2685
DA:83,2685
DA:84,2685
DA:87,5253
DA:88,5253
DA:89,5253
DA:90,5253
DA:91,5253
DA:92,5253
DA:93,5253
DA:94,5253
DA:95,5253
DA:97,1665
DA:98,1665
DA:101,126
DA:102,1647
DA:103,2625
DA:104,2799
DA:105,0
DA:106,1572
DA:107,0
DA:109,36
DA:110,6
DA:111,327
DA:112,741
DA:113,90
DA:114,0
DA:116,63
DA:117,6
DA:119,300
DA:120,360
DA:121,360
DA:122,411
DA:125,0
DA:126,0
DA:127,0
DA:128,0
DA:143,9
DA:144,9
DA:147,9
DA:148,9
DA:149,9
DA:150,9
DA:151,9
DA:152,9
DA:153,9
DA:154,9
DA:155,30
DA:156,42
DA:157,30
DA:158,30
DA:159,21
DA:160,21
DA:161,21
DA:162,21
DA:163,21
DA:164,21
DA:165,21
DA:166,21
DA:167,15
DA:168,9
DA:177,9
DA:178,9
DA:179,9
DA:180,18
DA:181,9
DA:182,9
DA:183,9
DA:184,9
DA:186,9
DA:189,9
DA:193,9
DA:196,9
DA:197,12
DA:198,3
DA:200,6
LH:123
LF:136
end_of_record
SF:src/galoisfields.jl
DA:4,21
DA:24,288
DA:25,117
DA:26,123
DA:27,111
DA:28,111
DA:30,222
DA:31,111
DA:32,111
DA:33,111
DA:34,111
DA:35,102
DA:36,102
DA:37,102
DA:39,78
DA:40,78
DA:41,102
DA:42,24
DA:43,24
DA:44,78
DA:46,120
DA:47,42
DA:48,42
DA:49,42
DA:50,42
DA:51,42
DA:52,42
DA:53,42
DA:54,42
DA:57,78
DA:61,78
DA:62,78
DA:64,78
DA:67,78
DA:79,72345
DA:80,72345
DA:83,9
DA:84,9
DA:85,9
DA:87,222250
DA:88,222250
DA:90,6
DA:91,6
DA:93,6
DA:95,7500
DA:98,330
DA:99,0
DA:100,24
DA:101,12
DA:102,0
DA:104,6
DA:105,0
DA:109,6
DA:111,342
DA:115,342
DA:116,342
DA:121,12
DA:125,6
DA:127,156
DA:128,156
DA:131,258
DA:132,123
DA:133,117
DA:134,54
DA:135,15898
DA:136,1666
DA:137,27
DA:138,0
DA:141,463346
DA:142,463346
DA:143,425320
DA:144,406586
DA:146,406586
DA:148,0
DA:149,0
DA:150,0
DA:151,0
DA:154,40282
DA:155,40282
DA:156,36549
DA:157,27592
DA:158,27592
DA:160,27592
DA:162,0
DA:163,0
DA:164,0
DA:165,0
DA:166,0
DA:168,5592
DA:169,5592
DA:170,5592
DA:171,5580
DA:172,5580
DA:174,0
DA:175,0
DA:176,0
DA:179,267
DA:183,492
DA:184,492
DA:185,492
DA:186,0
DA:188,492
DA:189,492
DA:190,498
DA:191,492
DA:200,492
DA:201,492
DA:203,0
DA:204,0
DA:205,0
DA:206,0
DA:207,0
DA:208,0
DA:209,0
DA:213,0
DA:223,0
DA:224,0
DA:225,0
DA:226,0
DA:228,0
DA:229,0
DA:230,0
DA:238,3
DA:239,3
DA:241,0
DA:242,0
DA:250,0
DA:252,66
DA:254,9915
DA:255,18
DA:256,140895
DA:258,302610
DA:259,302610
DA:260,302610
DA:261,302610
DA:262,302610
DA:265,305296
DA:266,305296
DA:267,289835
DA:268,273264
DA:269,273264
DA:270,273264
DA:271,126402
DA:273,273264
DA:274,273264
DA:275,273264
DA:277,259453
DA:279,0
DA:280,0
DA:283,64817
DA:284,64817
DA:285,53366
DA:286,36070
DA:287,36070
DA:288,36070
DA:289,29319
DA:290,39008
DA:291,29319
DA:292,13098
DA:294,57855
DA:295,29319
DA:297,0
DA:298,0
DA:301,23302
DA:302,23302
DA:303,13753
DA:304,11992
DA:305,11992
DA:306,18869
DA:307,11992
DA:309,0
DA:310,0
DA:313,1813207
DA:314,17216
DA:315,13273
DA:316,0
DA:317,6
DA:319,144
DA:320,120
DA:322,48
DA:323,48
DA:324,48
DA:327,18
DA:328,54
DA:330,36
DA:332,0
DA:334,18
DA:337,72345
DA:338,72345
DA:340,0
DA:341,0
DA:344,20208
DA:345,20208
DA:346,23382
DA:347,58896
DA:348,75930
DA:349,20208
DA:352,12
DA:353,12
DA:354,12
DA:355,12
DA:357,0
DA:358,0
DA:361,354
DA:365,354
DA:366,354
DA:367,354
DA:368,354
DA:370,354
DA:371,354
DA:372,354
DA:373,354
DA:374,708
DA:375,1072
DA:376,786
DA:377,393
DA:378,354
DA:402,303
DA:409,138
DA:410,138
DA:411,138
DA:412,138
DA:413,102
DA:414,102
DA:415,93
DA:416,171
DA:417,93
DA:418,93
DA:420,93
DA:421,429
DA:422,165
DA:423,78
DA:425,342
DA:426,6
DA:432,9
DA:434,9
DA:435,9
DA:436,6
DA:438,3
DA:442,6
DA:444,6
DA:445,6
DA:446,6
DA:447,6
DA:448,63
DA:449,9
DA:450,6
DA:451,48
DA:452,42
DA:453,6
DA:469,48
DA:473,48
DA:474,48
DA:475,48
DA:476,48
DA:477,96
DA:478,96
DA:479,96
DA:480,96
DA:481,336
DA:482,432
DA:483,96
DA:484,144
DA:485,48
DA:493,0
DA:497,0
DA:500,3
DA:503,3
DA:504,39
DA:511,3
DA:512,3
DA:513,3
DA:518,3
DA:528,69
DA:529,69
DA:530,69
DA:533,42
DA:535,42
DA:539,42
DA:542,3
DA:543,3
DA:558,3
DA:559,3
DA:561,3
DA:566,3
DA:567,3
DA:568,3
DA:569,3
DA:570,3
DA:571,3
DA:572,3
DA:573,3
DA:574,3
DA:575,3
DA:577,3
DA:578,3
DA:579,3
DA:580,3
DA:581,36
DA:582,33
DA:583,6
DA:585,3
DA:586,24
DA:587,0
DA:588,0
DA:590,24
DA:591,24
DA:592,9
DA:594,9
DA:598,3
DA:600,21
DA:601,0
DA:604,0
DA:608,0
DA:611,0
DA:612,0
DA:613,0
DA:614,0
DA:615,0
DA:616,0
DA:619,0
DA:620,0
DA:623,0
DA:628,0
DA:629,0
DA:632,6
DA:637,6
DA:638,3
DA:641,3
DA:642,3
DA:643,6
DA:645,3
DA:646,0
DA:648,3
DA:649,18
DA:650,0
DA:651,18
DA:652,3
DA:662,0
DA:663,0
DA:664,0
DA:665,0
DA:677,270
DA:678,270
DA:679,264
DA:680,258
DA:681,258
DA:684,0
DA:685,0
DA:686,0
DA:687,0
DA:688,0
DA:690,0
DA:691,0
DA:692,0
DA:693,0
DA:694,0
DA:695,0
DA:696,0
DA:697,0
DA:698,0
DA:701,0
DA:703,0
DA:704,0
DA:705,0
DA:706,0
DA:707,0
DA:708,0
DA:709,0
DA:710,0
DA:711,0
DA:712,0
DA:714,0
DA:715,0
DA:718,72345
DA:719,72345
DA:720,72345
LH:279
LF:377
end_of_record
SF:src/generic.jl
DA:2,0
DA:3,0
DA:6,504
DA:7,504
DA:8,504
DA:9,120
DA:10,384
DA:11,246
DA:12,246
DA:13,192
DA:15,54
DA:18,138
DA:22,6
DA:23,42
DA:24,33
DA:27,3
DA:47,27078
DA:48,23592
DA:49,42708
DA:54,2595
DA:55,12
DA:57,289931
DA:58,96545786
DA:59,96545786
DA:60,15570
DA:61,15570
DA:63,96532937
DA:66,171855
DA:68,30
DA:69,63
DA:70,48
DA:71,48
DA:73,15
DA:74,15
DA:77,17226
DA:78,17226
DA:79,17235
DA:80,17217
DA:82,1487778
DA:83,1487778
DA:85,489
DA:86,112590
DA:87,484611
DA:88,69891
DA:89,1740
DA:91,69
DA:92,0
DA:93,0
DA:96,168
DA:97,18
DA:98,396
DA:99,285
DA:101,552
DA:102,552
DA:109,0
DA:110,255
DA:118,0
DA:126,9
DA:133,16114
DA:140,31976
DA:148,0
DA:149,0
DA:158,360
DA:159,360
DA:160,351
DA:161,351
DA:162,351
DA:163,351
DA:165,780
DA:166,1560
DA:167,1716
DA:168,1287
DA:169,303
DA:171,1020
DA:172,1020
DA:174,726
DA:175,726
DA:184,195
DA:185,195
DA:186,192
DA:187,189
DA:188,189
DA:189,189
DA:190,189
DA:193,189
DA:194,189
DA:195,189
DA:196,900
DA:197,576
DA:198,114
DA:199,138
DA:200,639
DA:201,189
DA:209,0
DA:210,0
DA:211,354
DA:212,33
DA:213,0
DA:214,204
DA:215,204
DA:223,279
DA:231,48
DA:232,0
DA:233,0
DA:234,30
DA:241,27
DA:252,96
DA:254,0
DA:255,0
DA:256,0
DA:258,0
DA:261,0
DA:262,3
DA:268,3
DA:275,0
DA:277,369322
DA:283,0
DA:292,19647
DA:294,30
DA:295,39
DA:297,100422
DA:304,9
DA:311,6
DA:312,18537
DA:320,0
DA:321,0
DA:324,6
DA:326,203493
DA:327,73436
DA:329,23499
DA:330,23499
DA:331,23499
DA:332,23499
DA:336,47470
DA:338,47470
DA:339,47470
DA:340,73436
DA:341,112398
DA:342,127387
DA:343,65636
DA:344,3
DA:345,3
DA:347,65633
DA:348,65633
DA:349,65633
DA:350,46765
DA:351,46765
DA:355,11655
DA:356,11655
DA:357,11965
DA:358,15873
DA:359,17592
DA:360,15506
DA:361,12836
DA:362,4756
DA:363,3730
DA:364,20
DA:365,43
DA:366,40
DA:367,90
DA:368,60
DA:369,30
DA:370,30
DA:371,174
DA:373,160
DA:374,154
DA:375,158
DA:376,0
DA:377,630
DA:379,1198
DA:380,477
DA:381,786
DA:382,784
DA:383,784
DA:384,476
DA:385,1413
DA:386,153
DA:387,1850
DA:388,954
DA:389,1039
DA:390,952
DA:391,952
DA:392,952
DA:393,309
DA:394,309
DA:395,143
DA:396,3
DA:397,169
DA:398,3
DA:399,6
DA:400,6
DA:401,18
DA:402,15
DA:403,18
DA:404,15
DA:405,9
DA:406,6
DA:407,18
DA:408,12
DA:409,24
DA:410,22
DA:411,30
DA:412,18
DA:413,6
DA:414,1
DA:415,13
DA:416,1
DA:417,1
DA:418,10
DA:419,14
DA:420,2
DA:421,1
DA:422,3
DA:423,2
DA:424,2
DA:425,5228
DA:426,5230
DA:427,14
DA:428,5220
DA:429,2
DA:430,5218
DA:431,592
DA:432,4624
DA:433,10468
DA:434,10468
DA:435,20
DA:436,10448
DA:437,0
DA:438,10448
DA:439,1192
DA:440,9256
DA:441,4624
DA:442,4861
DA:443,6756
DA:444,2132
DA:445,2132
DA:446,4624
DA:447,10957
DA:448,6333
DA:449,17288
DA:450,26042
DA:451,23470
DA:452,14214
DA:453,10576
DA:454,15589
DA:455,26813
DA:456,12933
DA:457,16598
DA:458,33259
DA:459,20326
DA:460,20326
DA:461,12933
DA:462,12933
DA:463,9256
DA:487,12
DA:488,12
DA:489,12
DA:490,12
DA:491,12
DA:492,12
DA:493,8
DA:494,4
DA:495,24
DA:496,36
DA:497,120
DA:498,72
DA:499,36
DA:500,24
DA:501,16
DA:502,108
DA:503,50
DA:504,74
DA:505,280
DA:506,140
DA:507,68
DA:508,64
DA:509,94
DA:510,375
DA:511,181
DA:512,181
DA:513,176
DA:514,182
DA:515,109
DA:516,128
DA:517,356
DA:518,394
DA:519,182
DA:520,162
DA:521,44
DA:522,188
DA:523,42
DA:525,336
DA:526,88
DA:527,40
DA:529,88
DA:531,2
DA:532,2
DA:533,50
DA:534,88
DA:535,0
DA:538,50
DA:539,4
DA:540,4
DA:541,150
DA:542,180
DA:543,31250
DA:544,0
DA:546,31350
DA:547,0
DA:549,31350
DA:550,8
DA:551,62500
DA:552,31250
DA:554,62500
DA:555,0
DA:557,62500
DA:558,0
DA:560,62500
LH:289
LF:318
end_of_record
SF:src/ideal.jl
DA:4,150
DA:5,3
DA:6,3
DA:8,54
DA:9,54
DA:10,6
DA:11,51
DA:12,15
DA:14,33
DA:17,30
DA:18,15
DA:19,18
DA:20,138
DA:22,0
DA:28,144
DA:29,144
DA:30,144
DA:33,27
DA:34,30
DA:35,135
DA:36,159
DA:37,27
DA:40,66
DA:41,3
DA:42,3
DA:44,9
DA:45,9
DA:47,3
DA:48,3
DA:50,39
DA:51,39
DA:52,39
DA:55,3
DA:56,3
DA:58,30
DA:59,30
DA:60,6
DA:61,24
DA:62,3
DA:63,21
DA:64,15
DA:65,6
DA:66,3
DA:68,3
DA:73,3
DA:75,12
DA:76,12
DA:79,12
DA:80,12
DA:81,12
DA:82,12
DA:83,12
DA:84,12
DA:87,3
DA:88,15
DA:89,15
DA:90,12
DA:91,9
DA:92,9
DA:93,0
LH:58
LF:60
end_of_record
SF:src/intfactorization.jl
DA:2,0
DA:3,0
DA:4,0
DA:5,0
DA:6,0
DA:8,0
DA:9,0
DA:18,3
DA:19,3
DA:20,6
DA:21,3
DA:24,132
DA:25,66
DA:26,66
DA:27,60
DA:28,60
DA:29,60
DA:30,60
DA:31,60
DA:32,60
DA:35,9
DA:36,6
DA:37,3
DA:38,3
DA:41,108
DA:42,54
DA:43,54
DA:44,54
DA:45,57
DA:46,54
DA:47,57
DA:48,54
DA:49,57
DA:50,57
DA:51,54
DA:52,54
DA:53,108
DA:54,78
DA:55,60
DA:56,120
DA:58,84
DA:60,54
DA:63,0
DA:64,0
DA:65,0
DA:66,0
DA:67,0
DA:68,0
DA:69,0
DA:70,0
DA:71,0
DA:72,0
DA:74,0
DA:75,0
DA:77,0
DA:78,0
DA:79,0
DA:81,0
DA:83,0
DA:92,54
DA:93,54
DA:94,54
DA:95,102
DA:96,48
DA:98,6
DA:99,21
DA:100,15
DA:101,15
DA:102,15
DA:103,15
DA:104,6
DA:106,54
DA:115,69
DA:116,69
DA:117,69
DA:120,0
DA:121,0
DA:122,0
DA:123,0
DA:124,0
DA:125,0
DA:127,0
DA:131,120
DA:132,60
DA:135,0
DA:136,0
DA:137,0
DA:138,0
DA:143,240
DA:144,120
DA:145,120
DA:151,120
DA:154,120
DA:155,120
DA:156,243
DA:159,123
DA:160,0
DA:162,246
DA:163,123
DA:166,123
DA:167,123
DA:168,120
DA:176,180
DA:177,60
DA:178,120
DA:183,240
DA:185,387
DA:187,240
DA:188,120
DA:189,120
DA:190,120
DA:191,120
DA:193,147
DA:194,27
DA:195,27
DA:197,27
DA:198,12
DA:199,12
DA:200,12
DA:202,27
DA:203,27
DA:204,120
DA:209,147
DA:210,147
DA:211,294
DA:212,147
DA:213,354
DA:214,207
DA:215,207
DA:216,207
DA:217,207
DA:218,207
DA:219,207
DA:220,267
DA:221,147
DA:222,207
DA:223,147
DA:231,3
DA:233,3
DA:234,3
DA:235,3
DA:236,24
DA:237,24
DA:238,21
DA:239,0
DA:240,0
DA:241,0
DA:242,0
DA:243,0
DA:244,0
DA:245,0
DA:246,0
DA:248,21
DA:249,0
DA:253,207
DA:254,414
DA:255,207
DA:267,243
DA:268,243
DA:269,486
DA:270,336
DA:271,336
DA:272,336
DA:273,336
DA:274,336
DA:275,123
DA:277,213
DA:278,213
DA:279,213
DA:281,429
DA:282,243
DA:283,243
DA:292,123
DA:293,123
DA:295,123
DA:296,123
DA:298,123
DA:299,123
DA:300,246
DA:301,123
DA:310,0
DA:311,0
DA:312,0
DA:313,0
DA:314,0
DA:315,0
DA:316,0
DA:317,0
DA:318,0
DA:331,243
DA:336,243
DA:337,486
DA:338,252
DA:339,243
DA:341,243
DA:342,579
DA:343,336
DA:344,336
DA:345,672
DA:346,13596
DA:347,13596
DA:348,26244
DA:350,2520
DA:351,2520
DA:354,13596
DA:355,7920
DA:356,7920
DA:358,15840
DA:359,7920
DA:360,141
DA:361,141
DA:362,189
DA:363,186
DA:364,93
DA:365,186
DA:366,93
DA:368,141
DA:369,141
DA:370,141
DA:372,141
DA:373,141
DA:374,141
DA:375,282
DA:380,141
DA:383,13455
DA:384,336
DA:385,336
DA:386,243
DA:387,486
DA:388,243
DA:391,336
DA:392,336
DA:393,672
DA:394,336
DA:397,13596
DA:398,13596
DA:399,17400
DA:400,13596
DA:401,13596
DA:412,360
DA:413,360
DA:414,360
DA:415,366
DA:416,354
DA:417,708
DA:418,666
DA:419,354
DA:420,708
DA:421,354
DA:422,3600
DA:423,354
DA:424,294
DA:426,60
DA:428,354
DA:429,354
DA:430,354
DA:431,570
DA:432,2952
DA:433,2952
DA:434,2952
DA:435,5688
DA:436,354
DA:451,126
DA:456,126
DA:457,126
DA:458,126
DA:459,126
DA:460,126
DA:461,168
DA:462,126
DA:463,126
DA:464,252
DA:465,129
DA:467,126
DA:468,126
DA:469,126
DA:470,126
DA:471,126
DA:473,126
DA:474,126
DA:475,126
DA:476,126
DA:477,126
DA:479,126
DA:481,126
DA:482,126
DA:485,252
DA:486,9288
DA:487,252
DA:491,0
DA:492,0
DA:494,4764
DA:495,4803
DA:497,17580
DA:498,23112
DA:500,2622
DA:501,5244
DA:502,2622
DA:510,54
DA:511,54
DA:512,54
DA:513,54
DA:514,354
DA:515,300
DA:516,300
DA:517,54
DA:518,54
DA:519,6
DA:521,54
DA:529,0
DA:530,0
DA:531,0
DA:532,0
DA:533,0
DA:534,0
DA:535,0
DA:536,0
DA:537,0
DA:538,0
DA:547,8013
DA:554,58824
DA:561,13596
DA:562,13596
DA:563,59670
DA:571,0
DA:572,0
DA:573,0
DA:574,0
DA:577,36177
DA:578,36177
DA:579,72159
DA:580,36177
DA:581,36177
DA:582,35982
DA:583,35982
DA:584,35982
DA:585,274785
DA:586,238803
DA:587,238803
DA:588,238803
DA:589,85965
DA:591,238803
DA:592,35982
DA:594,0
DA:595,0
DA:596,0
DA:597,0
DA:598,0
DA:600,0
DA:601,0
DA:604,681
DA:605,681
DA:613,291
DA:614,291
DA:626,0
DA:631,0
DA:632,0
DA:633,0
DA:634,0
DA:635,0
DA:636,0
DA:637,0
DA:640,0
DA:641,0
DA:652,0
DA:653,0
DA:654,0
DA:655,0
DA:656,0
DA:657,0
DA:658,0
DA:659,0
DA:660,0
DA:661,0
DA:662,0
DA:663,0
DA:664,0
DA:665,0
DA:667,0
DA:668,0
DA:672,3
DA:673,3
DA:674,6
DA:675,3
DA:676,0
DA:677,0
DA:679,3
DA:681,6
DA:682,24
DA:683,3
DA:684,3
DA:685,3
DA:686,0
DA:687,0
DA:689,24
DA:690,3
DA:692,6
DA:693,3
DA:696,0
DA:697,0
DA:698,0
DA:699,0
DA:700,0
DA:702,3
DA:703,3
DA:704,9
DA:705,12
DA:706,3
DA:709,3
DA:710,3
DA:711,3
DA:712,15
DA:713,33
DA:714,33
DA:715,9
DA:717,60
DA:718,12
DA:719,3
DA:722,0
DA:723,0
DA:724,0
DA:725,0
DA:726,0
DA:727,0
DA:728,0
DA:729,0
DA:730,0
DA:731,0
DA:732,0
DA:733,0
DA:735,0
DA:738,0
DA:739,0
DA:740,0
DA:742,3
DA:743,3
DA:744,6
DA:745,15
DA:746,33
DA:747,33
DA:748,9
DA:749,9
DA:750,9
DA:751,0
DA:753,9
DA:756,60
DA:757,15
DA:758,3
DA:762,0
DA:763,0
DA:764,0
DA:765,0
DA:766,0
DA:767,0
DA:769,0
DA:770,0
DA:771,0
DA:772,0
DA:773,0
DA:774,0
DA:775,0
DA:776,0
DA:778,0
DA:779,0
DA:780,0
DA:781,0
DA:792,13596
DA:793,13596
DA:794,13596
DA:795,13596
DA:796,13596
DA:797,13596
DA:798,136038
DA:799,122442
DA:800,9507
DA:801,9507
DA:803,122442
DA:804,122442
DA:805,244884
DA:806,539466
DA:807,122442
DA:808,45180
DA:810,122442
DA:812,208512
DA:813,208512
DA:814,208512
DA:815,208512
DA:816,208512
DA:817,122442
DA:818,122442
DA:819,122442
DA:820,122442
DA:821,122442
DA:822,13596
DA:827,0
DA:828,0
DA:829,0
DA:830,0
DA:831,0
DA:832,0
DA:833,0
DA:834,0
DA:835,0
DA:836,0
DA:837,0
DA:838,0
DA:841,0
DA:842,0
DA:843,0
DA:844,0
DA:845,0
DA:846,0
DA:847,0
DA:848,0
DA:849,0
DA:850,0
DA:853,0
DA:854,0
DA:857,0
DA:858,0
DA:859,0
DA:860,0
DA:861,0
DA:862,0
DA:866,0
DA:867,0
DA:868,0
DA:869,0
DA:870,0
DA:871,0
DA:872,0
DA:873,0
DA:875,0
DA:876,0
DA:877,0
DA:878,0
DA:879,0
DA:880,0
DA:881,0
DA:882,0
DA:890,0
DA:897,0
DA:899,0
DA:900,0
DA:901,0
DA:902,0
DA:903,0
DA:904,0
DA:906,0
DA:907,0
DA:908,0
DA:909,0
DA:910,0
DA:911,0
DA:912,0
DA:913,0
DA:914,0
DA:915,0
DA:916,0
DA:917,0
DA:918,0
DA:919,0
DA:920,0
DA:922,0
DA:923,0
DA:924,0
DA:925,0
DA:935,123
DA:938,123
DA:939,123
DA:940,123
DA:941,123
DA:942,246
DA:943,426
DA:945,852
DA:946,426
DA:947,426
DA:950,624
DA:951,426
DA:952,729
DA:953,123
DA:956,0
DA:957,0
DA:958,0
DA:959,0
DA:960,0
DA:961,0
DA:962,0
DA:964,0
DA:965,0
DA:966,0
DA:975,375
DA:976,375
DA:977,375
DA:978,375
DA:979,375
DA:980,375
DA:981,750
DA:982,1488
DA:983,2601
DA:984,375
DA:985,750
DA:986,1488
DA:987,2601
DA:988,375
DA:989,375
DA:990,750
DA:991,1863
DA:992,3351
DA:993,375
DA:995,0
LH:380
LF:611
end_of_record
SF:src/linearalgebra.jl
DA:5,378
DA:16,1197
DA:17,2049
DA:18,1227
DA:19,879
DA:20,1662
DA:21,2844
DA:22,2790
DA:23,327
DA:24,327
DA:26,3711
DA:27,879
DA:30,1458
DA:31,1458
DA:32,2613
DA:39,456
DA:46,627
DA:47,543
DA:48,669
DA:49,1077
DA:56,12
DA:57,12
DA:58,24
DA:59,72
DA:60,132
DA:74,306
DA:75,306
DA:77,306
DA:78,306
DA:79,306
DA:80,1062
DA:81,558
DA:82,306
DA:83,603
DA:84,501
DA:85,501
DA:86,375
DA:87,339
DA:90,126
DA:91,126
DA:92,186
DA:93,60
DA:94,60
DA:95,60
DA:96,126
DA:97,72
DA:98,12
DA:99,6
DA:103,501
DA:104,387
DA:105,387
DA:106,732
DA:107,879
DA:108,879
DA:109,1371
DA:110,1563
DA:111,1122
DA:112,1413
DA:113,387
DA:114,306
DA:117,0
DA:118,0
DA:119,0
DA:120,0
DA:121,0
DA:122,0
DA:123,0
DA:124,0
DA:125,0
DA:126,0
DA:127,0
DA:128,0
DA:129,0
DA:130,0
DA:131,0
DA:133,0
DA:134,0
DA:139,318
DA:145,318
DA:146,318
DA:147,0
DA:149,318
DA:150,0
DA:152,318
DA:153,630
DA:154,1866
DA:155,3420
DA:156,4083
DA:157,6612
DA:158,1866
DA:159,3420
DA:160,318
DA:161,1170
DA:162,423
DA:163,273
DA:164,315
DA:165,108
DA:167,273
DA:168,519
DA:169,1074
DA:170,1902
DA:173,318
DA:176,0
DA:177,0
DA:178,0
DA:179,0
DA:180,0
DA:181,0
DA:182,0
DA:183,0
DA:184,0
DA:185,0
DA:187,0
DA:190,0
DA:191,0
DA:201,72
DA:202,72
DA:203,72
DA:204,384
DA:205,72
DA:206,72
DA:207,144
DA:208,318
DA:209,318
DA:210,318
DA:211,273
DA:212,546
DA:213,273
DA:214,273
DA:215,117
DA:216,111
DA:217,177
DA:218,384
DA:219,72
DA:222,0
DA:223,0
DA:225,1188
DA:226,1188
DA:227,1188
DA:228,1188
DA:229,1188
DA:230,30
DA:231,1158
DA:232,21
DA:233,1137
DA:234,21
DA:235,1116
DA:236,30
DA:237,1086
DA:238,30
DA:239,1056
DA:240,21
DA:242,1035
DA:247,78
DA:249,78
DA:250,78
DA:251,78
DA:252,78
DA:253,78
DA:254,45
DA:255,54
DA:256,42
DA:257,42
DA:259,78
DA:261,114
DA:262,114
DA:265,36
DA:273,192
DA:274,192
DA:275,192
DA:276,192
DA:277,192
DA:278,192
DA:279,192
DA:280,192
DA:283,12
DA:284,12
DA:287,456
DA:288,456
DA:289,456
DA:291,273
DA:292,309
DA:300,129
DA:301,129
DA:302,129
DA:303,141
DA:304,117
DA:305,213
DA:306,42
DA:308,75
DA:309,75
DA:310,75
DA:311,75
DA:312,75
DA:313,75
DA:314,75
DA:315,75
DA:316,75
DA:324,36
DA:325,36
DA:326,36
DA:327,39
DA:328,33
DA:329,57
DA:330,15
DA:332,18
DA:333,18
DA:334,18
DA:335,18
DA:336,18
DA:337,18
DA:338,18
DA:339,18
DA:340,18
DA:341,18
DA:342,18
DA:343,18
DA:344,18
DA:345,18
DA:353,12
DA:354,12
DA:355,12
DA:356,24
DA:357,12
DA:361,57
DA:362,18
DA:365,6
DA:366,6
DA:367,3
DA:369,0
DA:371,75
DA:372,18
DA:374,6
DA:375,6
DA:376,6
DA:378,288
DA:379,288
DA:380,288
DA:382,24
DA:383,24
DA:384,24
DA:386,0
DA:387,0
DA:388,0
DA:397,48
DA:398,48
DA:399,24
DA:407,6
DA:408,6
DA:409,6
DA:410,12
DA:411,6
DA:412,6
DA:413,6
DA:414,6
DA:424,27
DA:425,27
DA:426,27
DA:427,30
DA:428,27
DA:429,27
LH:223
LF:261
end_of_record
SF:src/multivarpolynom.jl
DA:5,57
DA:6,114
DA:7,57
DA:8,57
DA:9,57
DA:11,21
DA:12,42
DA:13,21
DA:16,15
DA:17,15
DA:18,15
DA:21,36
DA:22,36
DA:23,72
DA:24,72
DA:25,36
DA:26,72
DA:27,36
DA:28,36
DA:35,12
DA:38,0
DA:43,0
DA:47,0
DA:52,24
DA:55,93276
DA:58,93276
DA:61,204
DA:64,204
DA:65,165
DA:66,165
DA:67,165
DA:68,165
DA:69,165
DA:70,330
DA:71,357
DA:72,489
DA:73,483
DA:74,546
DA:75,543
DA:76,159
DA:77,159
DA:78,159
DA:79,159
DA:81,48
DA:85,48
DA:86,12
DA:87,12
DA:88,18
DA:89,6
DA:90,6
DA:91,6
DA:92,6
DA:93,6
DA:94,6
DA:95,12
DA:96,12
DA:97,12
DA:98,6
DA:99,6
DA:100,6
DA:101,6
DA:102,9
DA:104,18
DA:105,12
DA:106,12
DA:107,6
DA:110,19365
DA:111,22101
DA:113,117
DA:114,168
DA:117,70365
DA:118,9
DA:119,18
DA:127,15
DA:128,18
DA:129,12
DA:130,12
DA:131,12
DA:132,24
DA:133,24
DA:134,48
DA:135,48
DA:136,21
DA:137,21
DA:138,51
DA:139,9
DA:140,9
DA:141,63
DA:142,21
DA:143,21
DA:144,21
DA:145,21
DA:148,36
DA:149,24
DA:150,24
DA:151,12
DA:159,19434
DA:160,19434
DA:161,19434
DA:162,19434
DA:164,19434
DA:172,6
DA:173,69
DA:174,186
DA:175,69
DA:176,69
DA:177,186
DA:178,186
DA:179,186
DA:180,303
DA:181,69
DA:184,358992
DA:185,717978
DA:188,6
DA:189,6
DA:190,6
DA:191,6
DA:194,6
DA:195,6
DA:196,6
DA:197,6
DA:205,475329
DA:206,475329
DA:209,129813
DA:213,129813
DA:214,129813
DA:215,129813
DA:219,50205
DA:220,50205
DA:222,19554
DA:223,19554
DA:226,17226
DA:227,17214
DA:228,249
DA:229,249
DA:230,213
DA:231,414
DA:232,207
DA:233,414
DA:234,219
DA:235,6
DA:236,6
DA:238,231
DA:239,207
DA:242,219
DA:243,23142
DA:244,12
DA:245,12
DA:246,12
DA:248,498
DA:249,498
DA:250,498
DA:251,498
DA:252,30
DA:253,468
DA:254,6
DA:256,462
DA:260,32499
DA:261,32499
DA:262,32499
DA:263,32499
DA:264,32499
DA:265,32499
DA:266,32499
DA:267,65055
DA:268,32499
DA:269,32499
DA:271,189369
DA:272,378738
DA:273,192867
DA:274,156870
DA:275,156870
DA:276,191421
DA:277,277440
DA:278,125694
DA:279,48960
DA:280,47439
DA:281,65616
DA:283,120756
DA:284,156870
DA:285,128373
DA:286,128373
DA:287,18744
DA:288,18744
DA:290,128373
DA:291,128373
DA:293,156870
DA:294,64998
DA:295,64998
DA:296,32499
DA:299,43272
DA:300,43272
DA:301,43272
DA:302,47286
DA:303,39258
DA:305,39240
DA:306,39240
DA:307,39240
DA:308,39447
DA:309,39240
DA:310,39240
DA:312,135141
DA:313,270282
DA:314,140571
DA:315,95901
DA:316,95901
DA:317,95901
DA:318,96327
DA:319,495
DA:320,99
DA:321,99
DA:322,99
DA:324,498
DA:325,95901
DA:326,95895
DA:327,95895
DA:328,189
DA:329,189
DA:331,95895
DA:332,95895
DA:334,95901
DA:335,78480
DA:336,78480
DA:337,39240
DA:340,6
DA:341,6
DA:345,6
DA:347,6
DA:348,6
DA:349,6
DA:350,6
DA:351,12
DA:352,6
DA:354,6
DA:355,18
DA:356,18
DA:357,15
DA:358,15
DA:359,24
DA:360,9
DA:361,9
DA:362,9
DA:364,30
DA:365,6
DA:366,12
DA:367,12
DA:368,12
DA:369,12
DA:370,72
DA:371,30
DA:373,60
DA:374,12
DA:375,18
DA:376,6
DA:386,16956
DA:390,16956
DA:393,2856
DA:398,2856
DA:399,2856
DA:400,2856
DA:401,2856
DA:402,5712
DA:403,5712
DA:404,5712
DA:405,8568
DA:406,2856
DA:410,6
DA:411,66
DA:412,0
DA:428,188580
DA:429,188580
DA:430,188580
DA:431,188580
DA:432,188580
DA:433,364089
DA:434,374613
DA:435,374613
DA:436,374613
DA:437,573717
DA:438,188580
DA:448,1006773
DA:449,1006773
DA:450,1006773
DA:451,1006770
DA:452,2013540
DA:453,2715303
DA:454,2715303
DA:455,2715303
DA:456,4423836
DA:457,1006770
DA:458,1862916
DA:459,1708533
DA:460,1708533
DA:461,1708533
DA:462,2560920
DA:463,1006770
DA:471,2715318
DA:472,2715318
DA:473,2715315
DA:474,1708539
DA:475,1543128
DA:476,1490619
DA:477,1490619
DA:478,36903
DA:479,36903
DA:481,1453716
DA:483,1490619
DA:484,1430787
DA:485,2510211
DA:486,1079424
DA:487,1079424
DA:488,1079424
DA:489,1079424
DA:490,1430787
DA:491,789810
DA:492,394905
DA:493,394905
DA:494,394905
DA:495,394905
DA:496,394905
DA:500,0
DA:501,0
DA:502,0
DA:503,0
DA:504,0
DA:505,0
DA:506,0
DA:507,0
DA:508,0
DA:509,0
DA:511,0
DA:512,0
DA:516,105903
DA:517,105903
DA:518,105903
DA:521,45
DA:522,243
DA:524,54
DA:528,54
DA:530,36
DA:534,36
DA:535,108
DA:545,120057
DA:551,120057
DA:552,120057
DA:553,154017
DA:554,86097
DA:557,15390
DA:563,15390
DA:564,15390
DA:565,20877
DA:566,9903
DA:567,9903
DA:568,9903
DA:569,29709
DA:572,269364
DA:573,334419
DA:576,245745
DA:577,245745
DA:585,33
DA:586,444
DA:587,201
DA:588,0
DA:590,15
DA:591,15
DA:592,15
DA:593,15
DA:594,15
DA:595,15
DA:596,15
DA:597,15
DA:598,30
DA:599,15
DA:600,15
DA:601,15
DA:604,0
DA:605,0
DA:606,0
DA:607,0
DA:608,0
DA:609,0
DA:610,0
DA:611,0
DA:612,0
DA:613,0
DA:614,0
DA:615,0
DA:618,0
DA:619,0
DA:622,3
DA:624,6
DA:625,6
DA:626,0
DA:628,6
DA:629,6
DA:631,3
DA:632,3
DA:633,3
DA:638,59193
DA:640,118386
DA:641,59193
DA:642,59193
DA:643,116886
DA:644,245745
DA:645,245745
DA:646,15060
DA:647,15060
DA:648,15060
DA:650,230685
DA:651,59193
DA:652,15060
DA:653,30120
DA:654,30120
DA:655,15060
DA:656,4485
DA:657,4485
DA:658,10575
DA:659,10575
DA:660,10575
DA:662,0
DA:663,0
DA:664,0
DA:665,0
DA:669,2622
DA:670,2622
DA:671,2622
DA:672,2622
DA:673,2622
DA:674,6267
DA:675,3645
DA:676,7206
DA:677,59193
DA:678,59193
DA:679,59193
DA:680,15060
DA:681,0
DA:682,0
DA:684,15060
DA:685,44133
DA:686,1500
DA:688,113325
DA:689,3645
DA:690,2622
DA:698,2052
DA:699,4104
DA:700,4104
DA:701,4104
DA:702,4104
DA:704,2079
DA:705,2052
DA:706,2052
DA:707,4104
DA:708,4104
DA:709,2052
DA:715,0
DA:716,0
DA:717,0
DA:718,0
DA:722,150
DA:723,150
DA:724,150
DA:725,264
DA:726,204
DA:727,327
DA:728,582
DA:729,132
DA:733,327
DA:734,327
DA:735,327
DA:736,327
DA:737,327
DA:738,327
DA:742,327
DA:746,327
DA:747,327
DA:748,6462
DA:749,6135
DA:750,6135
DA:751,6135
DA:752,6135
DA:753,6135
DA:754,2052
DA:755,2052
DA:756,2052
DA:757,279
DA:758,279
DA:759,279
DA:760,279
DA:762,6135
DA:763,327
DA:766,6135
DA:767,6135
DA:768,6135
DA:769,6135
DA:770,0
DA:771,0
DA:772,0
DA:773,0
DA:774,0
DA:775,0
DA:776,0
DA:778,0
DA:779,0
DA:782,14670
DA:783,14670
DA:784,14670
DA:785,29340
DA:786,29340
DA:787,29340
DA:788,28620
DA:789,424758
DA:790,394980
DA:791,2001225
DA:792,4398
DA:794,416004
DA:795,9912
DA:798,279
DA:799,279
DA:800,558
DA:801,8535
DA:802,8535
DA:803,675
DA:805,16791
DA:806,558
DA:807,8535
DA:808,8535
DA:809,675
DA:811,8535
DA:815,150
DA:816,150
DA:817,282
DA:818,738
DA:819,738
DA:820,1476
DA:821,738
DA:822,22836
DA:823,16956
DA:824,1218
DA:825,1218
DA:826,609
DA:827,609
DA:831,15096
DA:833,1344
DA:834,150
DA:835,282
DA:836,738
DA:837,738
DA:838,414
DA:839,414
DA:840,252
DA:843,1344
DA:844,300
DA:845,282
DA:846,414
DA:847,414
DA:848,414
DA:849,126
DA:851,414
DA:852,696
DA:853,150
DA:857,150
DA:858,150
DA:859,282
DA:860,414
DA:861,414
DA:862,414
DA:863,42
DA:865,696
DA:866,150
DA:867,483
DA:868,150
DA:869,12
DA:871,150
DA:883,150
DA:884,150
DA:894,171
DA:895,171
DA:896,171
DA:897,342
DA:898,1764
DA:899,930
DA:900,831
DA:901,171
DA:911,357
DA:912,1122
DA:913,714
DA:914,1053
DA:915,1053
DA:916,891
DA:918,1749
DA:919,357
DA:922,357
DA:923,1014
DA:924,1692
DA:925,168
DA:926,6
LH:545
LF:596
end_of_record
SF:src/numbertheoretical.jl
DA:23,3
DA:24,3
DA:25,3
DA:26,3
DA:27,3
DA:28,3
DA:29,6
DA:30,15
DA:31,6
DA:32,12
DA:33,9
DA:34,3
DA:38,24
DA:39,24
DA:40,48
DA:41,24
DA:42,57
DA:43,57
DA:44,24
DA:45,24
DA:46,30
DA:47,18
DA:49,24
DA:50,33
DA:51,33
DA:52,6
DA:54,66
DA:55,33
DA:56,24
DA:60,27
DA:61,27
DA:62,24
DA:63,24
DA:64,24
DA:65,6
DA:67,24
DA:68,24
DA:69,48
DA:70,24
DA:74,24
DA:75,24
DA:76,24
DA:77,21
DA:78,42
DA:79,15
DA:81,6
DA:93,57
DA:94,18
DA:95,66
DA:96,66
DA:97,66
DA:98,66
DA:99,66
DA:100,132
DA:101,138
DA:102,138
DA:103,138
DA:104,222
DA:105,84
DA:106,78
DA:107,78
DA:109,84
DA:110,84
DA:111,84
DA:112,150
DA:113,210
DA:114,66
LH:67
LF:67
end_of_record
SF:src/qq.jl
DA:3,0
DA:4,0
DA:6,27
DA:9,42
DA:10,126
DA:11,3897
DA:12,45786
DA:14,3534036
DA:15,45
DA:16,103017
DA:17,5224194
DA:19,0
DA:20,3
DA:21,21
DA:22,5224029
DA:24,269427
DA:25,269427
DA:28,269424
DA:29,202590
DA:30,202590
DA:31,202590
DA:32,202590
DA:33,9
DA:34,9
DA:35,6
DA:37,202587
DA:39,7911
DA:40,7911
DA:41,7911
DA:43,0
DA:44,10599159
DA:45,96
DA:48,18
DA:49,9
DA:50,24
DA:51,9
DA:55,0
DA:56,0
DA:62,4650588
DA:65,3789
DA:66,573936
DA:67,148365
DA:68,13713
DA:69,24885
DA:70,546
DA:71,71787
DA:73,86076
DA:74,100734
DA:75,1156770
DA:76,103059
DA:77,194913
DA:78,0
DA:79,12
DA:81,24
DA:82,24
DA:83,3
DA:85,21
LH:50
LF:57
end_of_record
SF:src/quotient.jl
DA:3,0
DA:4,6
DA:8,144
DA:10,144
DA:11,144
DA:12,150
DA:13,144
DA:17,28769
DA:19,83
DA:20,6
DA:23,534
DA:24,255
DA:26,55509
DA:27,55509
DA:28,55509
DA:29,55509
DA:32,84
DA:35,25296
DA:39,0
DA:40,6
DA:42,54
DA:47,5858
DA:54,0
DA:55,0
DA:59,438
DA:60,3
DA:61,6468
DA:62,81
DA:63,8208
DA:64,9
DA:65,3
DA:66,12
DA:67,63
DA:69,33
DA:70,186
DA:71,447
DA:72,33
DA:73,36
DA:74,15
DA:75,72
DA:76,135
DA:77,12
DA:79,15988
DA:80,15988
DA:81,15988
DA:82,15988
DA:86,0
DA:87,0
DA:89,0
DA:99,56850
DA:102,0
DA:103,3
DA:105,27
DA:106,27
DA:107,27
DA:108,27
DA:110,15
DA:111,15
DA:112,15
DA:113,15
DA:115,12
DA:119,561
DA:120,81
DA:121,87
DA:122,12291
DA:123,0
DA:124,0
DA:125,0
LH:57
LF:68
end_of_record
SF:src/rationalcanonical.jl
DA:13,21
DA:14,21
DA:16,21
DA:17,21
DA:28,51
DA:29,51
DA:30,51
DA:31,51
DA:32,51
DA:33,51
DA:34,51
DA:35,51
DA:36,51
DA:44,3
DA:45,3
DA:46,3
DA:47,6
DA:48,6
DA:49,18
DA:50,15
DA:51,3
DA:54,15
DA:61,15
DA:62,15
DA:63,15
DA:64,15
DA:65,15
DA:66,15
DA:67,15
DA:68,15
DA:69,15
DA:71,15
DA:81,12
DA:82,12
DA:86,36
DA:87,36
DA:88,36
DA:89,36
DA:90,36
DA:91,36
DA:92,36
DA:93,36
DA:94,87
DA:95,135
DA:96,15
DA:97,15
DA:98,15
DA:99,15
DA:100,15
DA:101,36
DA:105,30
DA:108,12
DA:109,12
DA:111,0
DA:112,0
DA:121,12
DA:122,12
DA:130,24
DA:131,24
DA:142,12
DA:143,12
DA:144,12
DA:145,12
DA:146,12
DA:147,21
DA:148,42
DA:149,21
DA:150,33
DA:151,12
DA:154,12
DA:155,12
DA:158,12
DA:159,12
DA:163,21
DA:164,21
DA:165,21
DA:166,21
DA:167,21
DA:168,21
DA:169,21
DA:170,21
DA:171,21
DA:172,12
DA:174,9
DA:175,9
DA:176,9
DA:177,9
DA:178,9
DA:179,9
DA:181,9
DA:183,9
DA:184,9
DA:185,9
DA:186,9
DA:187,9
DA:188,9
DA:189,9
DA:190,9
DA:191,9
DA:192,15
DA:193,6
DA:194,6
DA:195,9
DA:196,18
DA:197,9
DA:205,9
DA:206,9
DA:207,9
DA:208,18
DA:209,18
DA:210,15
DA:211,30
DA:212,21
DA:213,9
LH:112
LF:114
end_of_record
SF:src/typevars.jl
DA:10,0
DA:11,0
DA:19,990
DA:20,1656
DA:29,876198
DA:30,141
DA:31,141
DA:45,912
DA:46,1194
DA:47,1542
DA:48,912
DA:50,78
DA:51,114
DA:52,42
DA:54,78
DA:63,840
DA:64,9
DA:65,3
DA:66,96
DA:67,3
DA:68,147
LH:19
LF:21
end_of_record
SF:src/univarpolynom.jl
DA:5,720
DA:8,56889
DA:9,111
DA:11,15
DA:13,0
DA:14,96
DA:15,15
DA:16,9
DA:18,1188
DA:19,801
DA:20,52894
DA:21,105785
DA:22,52903
DA:26,137148
DA:27,137154
DA:35,105
DA:36,150
DA:43,6
DA:44,6
DA:45,6
DA:52,18
DA:53,18
DA:54,18
DA:57,63116
DA:58,63116
DA:59,63122
DA:66,6
DA:70,12
DA:71,3
DA:73,93
DA:75,12
DA:79,8274
DA:80,7926
DA:83,292157
DA:84,292157
DA:85,292157
DA:86,373888
DA:87,81731
DA:88,81731
DA:89,292157
DA:90,34580
DA:92,292157
DA:95,48
DA:96,3
DA:98,120912
DA:100,8358
DA:101,8358
DA:102,8331
DA:103,8331
DA:104,27
DA:105,27
DA:106,27
DA:108,0
DA:114,165
DA:115,165
DA:116,165
DA:119,10191
DA:120,10287
DA:121,23349
DA:122,9828
DA:123,9828
DA:133,174
DA:134,192
DA:139,0
DA:142,57
DA:146,36358
DA:147,36358
DA:148,36358
DA:149,36358
DA:150,36358
DA:151,40119
DA:152,35186
DA:153,61373
DA:154,201996
DA:155,276676
DA:156,49976
DA:157,17379
DA:158,17379
DA:159,32597
DA:160,4508
DA:162,32597
DA:164,1253
DA:165,15
DA:166,18
DA:168,21576
DA:169,21576
DA:170,21576
DA:171,21576
DA:172,41676
DA:173,125343
DA:174,154284
DA:175,21576
DA:177,20076
DA:178,3
DA:179,1022
DA:180,27
DA:181,3
DA:183,165300
DA:184,165300
DA:185,165300
DA:186,165300
DA:187,165300
DA:188,198634
DA:189,131966
DA:190,260095
DA:191,3837
DA:192,128129
DA:193,66287
DA:194,61842
DA:195,757
DA:197,61085
DA:198,122170
DA:199,2769514
DA:200,2769514
DA:201,2782993
DA:202,5416858
DA:203,114569568
DA:204,162061950
DA:205,2769514
DA:206,2769514
DA:208,128129
DA:211,124387
DA:212,124387
DA:213,1296
DA:216,123091
DA:219,8961
DA:220,423
DA:221,6000
DA:223,51363
DA:224,98703
DA:225,51363
DA:227,99414
DA:228,99414
DA:230,54
DA:232,366
DA:233,366
DA:234,366
DA:235,24
DA:236,342
DA:237,0
DA:238,342
DA:239,6
DA:240,567
DA:241,108
DA:242,228
DA:243,189
DA:244,354
DA:245,180
DA:246,177
DA:247,3
DA:249,177
DA:251,51
DA:260,174
DA:262,21
DA:263,42
DA:264,75
DA:265,129
DA:266,21
DA:275,151449
DA:276,151449
DA:277,151449
DA:278,151464
DA:279,151434
DA:280,151434
DA:281,4896
DA:283,146538
DA:284,146544
DA:285,146538
DA:286,146538
DA:287,62358
DA:288,10977
DA:289,10977
DA:290,3
DA:291,21
DA:293,10977
DA:294,21954
DA:295,41746
DA:296,58427
DA:298,84180
DA:299,84180
DA:300,168360
DA:301,522342
DA:302,539283
DA:303,522342
DA:304,9
DA:305,9
DA:306,9
DA:307,36
DA:308,18
DA:309,9
DA:311,522342
DA:312,1044684
DA:313,8059213
DA:314,10800164
DA:315,522342
DA:316,522342
DA:318,738357
DA:319,643200
DA:320,643200
DA:321,190314
DA:322,95157
DA:323,95160
DA:324,3
DA:325,3
DA:326,190314
DA:327,95157
DA:330,154205
DA:331,154205
DA:332,154205
DA:333,154205
DA:334,169368
DA:335,85338
DA:336,103011
DA:337,83847
DA:338,65049
DA:339,65049
DA:340,130098
DA:341,1218587
DA:342,2405659
DA:343,160761660
DA:344,162342849
DA:345,1866284
DA:346,2348467
DA:347,65049
DA:350,150999
DA:351,150999
DA:352,150999
DA:353,150999
DA:354,297045
DA:357,302424
DA:358,548571
DA:361,444
DA:362,444
DA:363,444
DA:364,444
DA:365,885
DA:368,3
DA:369,3
DA:370,3
DA:371,3
DA:372,3
DA:373,9
DA:374,6
DA:375,12
DA:376,12
DA:377,12
DA:378,12
DA:379,6
DA:380,6
DA:381,6
DA:382,6
DA:383,6
DA:384,6
DA:385,12
DA:386,27
DA:387,15
DA:388,15
DA:389,9
DA:391,24
DA:392,6
DA:395,18
DA:396,6
DA:397,3
DA:399,6
DA:400,0
DA:401,0
DA:402,6
DA:403,3
DA:413,6
DA:414,6
DA:415,6
DA:416,6
DA:417,6
DA:426,11631
DA:427,11631
DA:428,11631
DA:430,67359
DA:431,134718
DA:432,134718
DA:433,132672
DA:434,67359
DA:441,78990
DA:442,78996
DA:450,28836
DA:456,1368811
DA:458,27
DA:459,42
DA:460,15
DA:462,12
DA:466,16008
DA:467,49081
DA:468,433965
DA:469,27252
DA:470,20694
DA:471,2177
DA:472,30
DA:473,36
DA:475,0
DA:476,156
DA:477,156
DA:478,156
DA:486,190241
DA:493,132
DA:496,0
DA:497,0
DA:508,303937
DA:509,303937
DA:510,303937
DA:511,605309
DA:514,3
DA:515,3
DA:516,3
DA:517,9
DA:518,3
DA:519,3
DA:527,3
DA:528,3
DA:529,3
DA:530,9
DA:531,3
DA:532,3
DA:541,24369
DA:542,24369
DA:543,23922
DA:544,20472
DA:545,20472
DA:546,20472
DA:554,54
DA:555,54
DA:556,54
DA:558,36
DA:559,36
DA:566,0
DA:567,0
DA:568,0
DA:569,0
DA:581,20526
DA:586,20526
DA:587,20526
DA:588,20526
DA:589,20526
DA:590,20526
DA:591,20526
DA:592,3006
DA:593,3006
DA:594,63
DA:597,20526
DA:598,20526
DA:599,20541
DA:600,20517
DA:601,20517
DA:602,20517
DA:603,39117
DA:604,78234
DA:605,39117
DA:606,39117
DA:607,39117
DA:608,39117
DA:609,18600
DA:610,18600
DA:612,18600
DA:613,63
DA:616,18600
DA:617,78
DA:619,37050
DA:620,18600
DA:621,18600
DA:622,18600
DA:623,19074
DA:624,18600
DA:625,39657
DA:626,20517
DA:636,0
DA:638,0
DA:639,0
DA:640,0
DA:641,0
DA:642,0
DA:643,0
DA:644,0
DA:645,0
DA:646,0
DA:647,0
DA:648,0
DA:649,0
DA:650,0
DA:651,0
DA:653,0
DA:654,0
DA:655,0
DA:656,0
DA:657,0
DA:658,0
DA:659,0
DA:660,0
DA:661,0
DA:663,0
DA:664,0
DA:665,0
DA:666,0
DA:667,0
DA:668,0
DA:669,0
DA:670,0
DA:671,0
DA:672,0
DA:673,0
DA:676,0
DA:677,0
DA:679,0
DA:680,0
DA:681,0
DA:690,180
DA:691,180
DA:692,180
DA:693,180
DA:694,180
DA:695,180
DA:696,180
DA:697,180
DA:698,72
DA:699,72
DA:701,108
DA:702,108
DA:703,120
DA:704,108
DA:705,108
DA:706,108
DA:707,267
DA:708,534
DA:709,267
DA:710,267
DA:711,534
DA:712,267
DA:713,267
DA:714,267
DA:715,159
DA:716,159
DA:718,159
DA:719,159
DA:720,315
DA:721,159
DA:722,267
DA:723,159
DA:724,117
DA:725,108
DA:726,108
DA:727,108
DA:736,36
DA:737,36
DA:738,36
DA:739,36
DA:740,22008
DA:741,36
DA:742,57
DA:743,570
DA:744,549
DA:746,36
DA:747,57
DA:748,570
DA:749,549
DA:751,36
DA:759,36
DA:760,36
DA:761,36
DA:769,20634
DA:770,20634
DA:771,20634
DA:772,20808
DA:773,20634
DA:782,69
DA:783,69
DA:784,72
DA:785,66
DA:787,3
DA:792,67044
DA:793,67044
DA:794,67068
DA:795,28048
DA:797,38996
DA:798,38996
DA:799,74813
DA:800,112676
DA:801,189535
DA:802,77992
DA:803,227679
DA:804,396406
DA:805,38996
DA:815,1260
DA:816,1260
DA:818,48
DA:822,96
DA:823,45
DA:825,3
DA:829,1263
DA:830,1263
DA:831,1263
DA:832,1263
DA:833,1263
DA:834,1251
DA:835,1191
DA:836,2382
DA:837,10476
DA:838,10263
DA:839,19335
DA:840,1191
DA:842,1128
DA:852,11610
DA:853,11610
DA:854,11610
DA:855,11610
DA:856,23220
DA:857,76956
DA:858,142302
DA:859,17484
DA:860,5874
DA:861,5874
DA:862,23220
DA:863,11610
DA:867,6
DA:868,6
DA:870,45
DA:871,45
DA:872,45
DA:875,51
DA:876,51
DA:877,51
DA:878,2211
DA:879,99
DA:880,246
DA:881,444
DA:882,51
DA:885,5227
DA:886,5227
DA:887,5227
DA:888,5227
DA:889,5227
DA:890,5227
DA:891,4905
DA:892,8218
DA:893,9183
DA:894,7177
DA:895,10174
DA:896,26
DA:903,105
DA:904,0
DA:905,6
DA:906,0
DA:908,303
DA:909,303
DA:910,63
DA:911,240
DA:912,138
DA:916,405
DA:918,126
DA:919,126
DA:920,126
DA:921,123
DA:922,246
DA:923,2748
DA:924,2748
DA:925,303
DA:926,303
DA:927,102
DA:929,201
DA:930,99
DA:931,114
DA:932,0
DA:933,0
DA:934,102
DA:935,102
DA:936,0
DA:937,0
DA:938,0
DA:939,0
DA:941,102
DA:943,102
DA:946,303
DA:947,303
DA:948,2748
DA:951,204
DA:952,204
DA:953,408
DA:954,204
DA:955,33
DA:956,33
DA:957,33
DA:959,282
DA:960,171
DA:965,87
DA:966,87
DA:967,87
DA:969,114
DA:971,78
DA:972,9
DA:973,6
DA:974,0
DA:984,6
DA:986,93
DA:987,93
DA:988,93
DA:989,87
DA:990,87
DA:991,81
DA:992,156
DA:993,735
DA:994,1470
DA:995,756
DA:996,735
DA:997,735
DA:999,21
DA:1000,735
DA:1001,0
DA:1003,735
DA:1004,18
DA:1005,63
DA:1006,117
DA:1007,9
DA:1009,735
DA:1010,1470
DA:1011,11343
DA:1012,11343
DA:1013,22686
DA:1014,299985
DA:1015,299985
DA:1016,299994
DA:1017,588627
DA:1018,21951
DA:1019,735
DA:1020,1395
DA:1021,81
DA:1030,6
DA:1032,12
DA:1033,12
DA:1034,12
DA:1035,12
DA:1037,24
DA:1038,24
DA:1039,24
DA:1040,24
DA:1041,16
DA:1042,16
DA:1044,15
DA:1045,30
DA:1046,27
DA:1047,37
DA:1048,14
DA:1049,5
DA:1050,1
DA:1052,3
DA:1053,3
DA:1054,3
DA:1055,3
DA:1056,0
DA:1057,3
DA:1058,3
DA:1059,3
DA:1060,3
DA:1061,3
DA:1062,3
DA:1063,3
DA:1064,3
DA:1065,6
DA:1066,24
DA:1067,48
DA:1068,45
DA:1069,76
DA:1070,89
DA:1071,85
DA:1072,109
DA:1073,100
DA:1074,45
DA:1075,28
DA:1076,8
DA:1077,3
DA:1079,18
DA:1080,3
DA:1081,3
DA:1082,22
DA:1083,22
DA:1084,32
DA:1085,36
DA:1086,36
DA:1087,62
DA:1088,4
DA:1089,22
DA:1090,19
DA:1091,22
DA:1092,23
DA:1093,42
DA:1094,3
DA:1095,24
DA:1096,18
DA:1097,45
DA:1098,15
DA:1099,52
DA:1100,80
DA:1101,18
DA:1103,3
DA:1105,18
DA:1112,4
DA:1113,4
DA:1114,24
DA:1115,24
DA:1116,28
DA:1117,38
DA:1118,31
DA:1119,16
DA:1120,24
DA:1121,16
DA:1122,13
DA:1123,6
DA:1124,6
DA:1125,24
DA:1126,4
DA:1127,21
DA:1129,7
DA:1131,4
DA:1135,3
DA:1136,3
DA:1137,3
DA:1145,3
DA:1146,3
DA:1147,3
DA:1148,3
DA:1149,3
DA:1150,0
DA:1151,6
DA:1152,6
DA:1153,6
DA:1154,3
DA:1155,3
DA:1156,0
DA:1157,3
DA:1158,0
DA:1159,3
DA:1160,3
DA:1161,3
DA:1162,3
DA:1163,3
DA:1164,0
DA:1165,0
DA:1166,0
DA:1167,0
DA:1173,10
DA:1174,10
DA:1175,10
DA:1176,10
DA:1177,22
DA:1178,28
DA:1179,44
DA:1180,12
DA:1181,4
DA:1182,6
DA:1183,36
DA:1184,2
DA:1185,26
DA:1186,52
DA:1187,172
DA:1188,132
DA:1189,200
DA:1190,178
DA:1191,94
DA:1192,62
DA:1193,106
DA:1194,90
DA:1195,58
DA:1196,88
DA:1197,82
DA:1198,38
DA:1199,64
DA:1200,106
DA:1201,140
DA:1202,32
DA:1203,64
DA:1204,66
DA:1205,100
DA:1206,48
DA:1207,56
DA:1208,90
DA:1209,152
DA:1210,54
DA:1211,96
DA:1212,190
DA:1213,432
DA:1214,528
DA:1215,108
DA:1216,194
DA:1217,144
DA:1218,208
DA:1219,114
DA:1220,70
DA:1221,38
DA:1222,16
DA:1223,26
DA:1224,8
DA:1225,6
DA:1296,5
DA:1297,5
DA:1298,66
DA:1299,66
DA:1300,67
DA:1301,67
DA:1302,21
DA:1303,26
DA:1304,34
DA:1305,47
DA:1306,11
DA:1307,28
DA:1308,100
DA:1309,121
DA:1310,116
DA:1311,108
DA:1312,24
DA:1313,149
DA:1314,30
DA:1315,161
DA:1316,162
DA:1317,37
DA:1318,114
DA:1319,148
DA:1320,123
DA:1322,80
DA:1323,30
DA:1324,68
DA:1325,67
DA:1326,8
DA:1327,180
DA:1328,91
DA:1329,24
DA:1330,13
DA:1331,228
DA:1332,201
DA:1333,3
DA:1334,3
DA:1335,69
DA:1336,48
DA:1337,10
DA:1338,36
DA:1339,47
DA:1340,42
DA:1341,49
DA:1342,51
DA:1343,10
DA:1344,76
DA:1345,41
DA:1346,14
DA:1348,16
DA:1349,7
DA:1350,1
LH:779
LF:850
end_of_record
SF:src/zz.jl
DA:3,6
DA:6,39
DA:7,300
DA:8,364
DA:9,0
DA:10,60
DA:11,3
DA:12,26301
DA:14,303
DA:15,0
DA:16,3611328
DA:19,24
DA:20,9
DA:21,30
DA:22,21
DA:26,0
DA:27,0
DA:32,174
DA:33,81
DA:37,1743
DA:40,16137
DA:41,2969379
DA:42,2823
DA:43,3309912
DA:44,2292
DA:45,78
DA:46,2421
DA:47,215289
DA:48,297012
DA:49,15
DA:51,4041
DA:52,7560
DA:53,243300
DA:54,2055
DA:55,9525
DA:56,2466
DA:57,129
DA:59,6330
DA:60,9
DA:62,18
DA:63,6
DA:65,186
LH:38
LF:42
end_of_record
SF:src/zzmod.jl
DA:3,771
DA:4,6
DA:5,696
DA:8,28744
DA:9,151
DA:10,464
DA:11,0
DA:12,0
DA:14,103
DA:15,6
DA:16,0
DA:18,147153
DA:19,147153
DA:20,147159
DA:21,147237
DA:24,24
DA:25,89078758
DA:26,6
DA:27,12087
DA:29,18
DA:32,6
DA:33,6
DA:34,0
DA:35,0
DA:36,0
DA:37,0
DA:38,0
DA:40,0
DA:43,6
DA:46,84
DA:47,9
DA:49,107
DA:50,107
DA:51,107
DA:52,107
DA:53,104
DA:55,3
DA:59,204873
DA:66,156478
DA:67,156478
DA:68,156478
DA:69,156478
DA:70,156478
DA:71,156478
DA:72,215409
DA:76,2710
DA:77,456400
DA:79,26092
DA:83,82266869
DA:84,82266869
DA:85,114652108
DA:86,82266869
DA:88,84706861
DA:89,84706861
DA:90,166702880
DA:91,84706861
DA:93,106924
DA:94,171525845
DA:95,52158
DA:96,129
DA:98,1501864
DA:99,7818
DA:101,71299
DA:102,3649949
DA:103,95068
DA:104,966
DA:105,0
DA:106,831
DA:107,0
DA:108,149658
DA:109,522
DA:110,24
DA:113,0
DA:114,0
DA:115,0
DA:116,0
DA:120,171578132
DA:121,171578132
DA:122,333043467
DA:123,10112731
DA:125,52212
DA:126,104409
DA:127,52305
DA:128,52212
DA:132,1501870
DA:133,1501870
DA:134,1501936
DA:135,1501870
DA:136,1501873
DA:137,1501867
DA:138,1501852
DA:142,1501867
DA:143,1501867
DA:144,1501867
DA:145,1501867
DA:147,1501852
DA:148,102041
DA:150,1501852
DA:154,60
DA:155,1501792
DA:157,3
DA:158,3
DA:159,177
DA:160,3084266
DA:162,69
DA:163,69
DA:164,69
DA:165,69
DA:166,9
DA:168,60
DA:172,624
DA:173,624
DA:175,16102
DA:176,16102
DA:177,16102
DA:180,16810
DA:181,16810
DA:182,32861
DA:183,16810
DA:184,32837
DA:185,32837
DA:186,16027
DA:187,0
LH:107
LF:123
end_of_record
