SF:src/CommutativeRings.jl
DA:58,28
DA:61,47
DA:66,17
DA:70,14
DA:126,3595507
DA:127,2104011
DA:138,142669513
DA:151,5198
DA:167,18547
DA:178,3120617
DA:191,266752
DA:204,102677
DA:210,344373
DA:237,65
DA:247,2
DA:258,74
DA:259,97
DA:260,74
DA:271,0
DA:272,0
LH:18
LF:20
end_of_record
SF:src/enumerations.jl
DA:7,46
DA:9,8
DA:10,13
DA:12,659
DA:13,659
DA:14,659
DA:16,22090
DA:17,22090
DA:18,25807
DA:20,150
DA:21,150
DA:22,150
DA:23,150
DA:24,296
DA:25,314
DA:26,174
DA:27,140
DA:28,140
DA:29,140
DA:31,34
DA:33,62
DA:34,10
DA:35,9
DA:36,9
DA:37,9
DA:38,9
DA:39,9
DA:41,1
DA:44,5721
DA:45,9438
DA:46,9438
DA:49,656
DA:50,656
DA:53,16478
DA:54,16478
DA:55,16478
DA:56,15822
DA:59,1403
DA:60,1403
DA:61,2642
DA:64,1
DA:65,2
DA:66,42
DA:67,42
DA:68,42
DA:70,4827
DA:71,4827
DA:72,4827
DA:73,9654
DA:74,11766
DA:75,6950
DA:76,4816
DA:77,4816
DA:78,4816
DA:80,2134
DA:82,4257
DA:83,11
DA:87,158
DA:88,158
DA:89,158
DA:90,158
DA:91,158
DA:95,318
DA:96,318
DA:97,318
DA:98,318
DA:99,632
DA:101,634
DA:102,318
DA:103,634
DA:104,158
DA:106,160
DA:107,320
DA:108,100
DA:109,100
DA:110,100
DA:111,100
DA:113,60
DA:114,60
DA:119,384
DA:120,384
DA:121,384
DA:122,384
DA:123,384
DA:124,256
DA:125,128
DA:126,256
DA:127,256
DA:128,128
DA:129,128
DA:132,4
DA:133,3
DA:134,3
DA:135,3
DA:136,3
DA:138,0
DA:139,0
DA:140,1
DA:142,392
DA:143,9
DA:144,3
DA:145,387
DA:146,125
DA:147,125
DA:148,125
DA:151,3
DA:152,3
DA:153,2
DA:154,2
DA:156,128
DA:157,128
DA:159,3
DA:160,3
DA:162,0
DA:163,0
DA:167,3
DA:169,5
DA:171,0
DA:172,3
DA:174,4
DA:175,14
DA:176,14
DA:177,14
DA:178,14
DA:179,28
DA:180,18
DA:181,18
DA:182,12
DA:183,12
DA:185,6
DA:186,4
DA:188,4
DA:189,12
DA:190,12
DA:198,0
DA:199,3
DA:200,3
DA:209,17729
DA:210,27900
DA:211,17729
DA:213,17729
DA:220,17731
DA:221,48256
DA:222,30527
DA:223,16720
DA:224,16718
DA:226,13809
DA:227,13809
DA:228,13809
DA:229,13809
DA:231,13809
DA:232,10171
DA:233,10171
DA:234,10171
DA:235,10171
DA:239,30527
DA:240,17729
DA:248,6322
DA:249,6322
DA:250,6322
DA:251,12644
DA:252,7264
DA:253,8206
DA:254,6322
DA:259,6
DA:260,5
DA:262,16
DA:263,1
DA:264,0
DA:265,4
DA:266,8
DA:268,6
DA:269,7
DA:279,32710
DA:285,52253
DA:286,8691
DA:288,15481
DA:289,15481
DA:290,15481
DA:291,15481
DA:292,15481
DA:293,15481
DA:294,15481
DA:295,15481
DA:296,30962
DA:297,25567
DA:298,25567
DA:299,25567
DA:300,25567
DA:301,25567
DA:302,15481
DA:303,15481
DA:305,10086
DA:307,20172
DA:308,0
DA:316,2248
DA:322,2248
DA:323,0
DA:325,2248
DA:326,3351
DA:327,2248
DA:328,2248
DA:329,2248
DA:330,2248
DA:332,2248
DA:333,2248
DA:334,2248
DA:335,2248
DA:336,2248
DA:337,4496
DA:338,2654
DA:339,2654
DA:340,2654
DA:341,2654
DA:342,2654
DA:343,2654
DA:344,2654
DA:345,2654
DA:346,2654
DA:347,2654
DA:349,2654
DA:350,1332
DA:351,1332
DA:353,1322
DA:356,1322
DA:357,1322
DA:358,2644
DA:359,1322
DA:360,1322
DA:361,916
DA:362,916
DA:364,406
DA:366,812
DA:368,0
DA:371,17729
DA:372,17729
DA:373,17729
DA:374,35458
DA:375,53187
DA:376,17729
DA:377,17729
DA:378,17729
DA:381,12644
DA:386,12644
DA:387,6322
DA:388,25288
DA:389,18966
DA:390,6322
DA:393,15481
DA:395,25567
DA:396,15481
DA:397,15481
DA:398,15481
DA:399,30962
DA:400,25567
DA:401,35653
DA:402,26777
DA:403,21521
DA:404,31746
DA:405,15481
DA:407,1332
DA:409,1357
DA:410,1332
DA:411,1332
DA:412,1332
DA:413,1332
DA:414,2664
DA:415,1678
DA:416,2024
DA:417,2220
DA:418,1404
DA:419,1920
DA:420,1332
DA:422,916
DA:424,976
DA:425,916
DA:426,916
DA:429,916
DA:430,916
DA:431,916
DA:432,1832
DA:433,976
DA:434,1036
DA:435,1832
DA:436,1564
DA:437,2212
DA:438,916
DA:441,17729
DA:443,17729
DA:446,28221
DA:447,28221
DA:450,15481
DA:451,15481
DA:453,2248
DA:454,2248
DA:455,3351
DA:458,0
DA:465,17731
DA:466,35313
DA:467,2755
DA:469,14976
DA:470,14976
DA:471,21528
DA:472,7431
DA:473,7431
DA:474,6552
DA:475,14097
DA:476,9165
DA:477,9165
DA:478,607
DA:479,0
DA:481,8558
DA:482,8558
DA:483,2445
DA:484,5038
DA:485,2593
DA:486,2593
DA:487,2593
DA:488,2445
DA:490,13596
DA:491,13596
DA:492,13596
DA:501,13596
DA:502,13596
DA:503,13603
DA:504,13596
DA:506,13596
DA:507,0
DA:508,13596
DA:510,13596
DA:511,27192
DA:512,0
DA:513,13596
DA:514,0
DA:516,13596
DA:517,13596
DA:518,13596
DA:519,13596
DA:520,33888
DA:521,20446
DA:522,20446
DA:523,20292
DA:524,13442
DA:525,13442
DA:526,0
DA:527,0
DA:528,0
DA:529,0
DA:530,0
DA:531,0
DA:532,0
DA:533,0
DA:534,0
DA:535,13442
DA:543,9166
DA:544,9166
DA:545,9166
DA:546,9169
DA:547,9166
DA:556,22
DA:557,22
DA:559,9809
DA:560,9809
DA:561,9809
DA:574,8986
DA:580,8986
DA:581,8986
DA:582,13972
DA:583,6986
DA:584,6322
DA:585,6322
DA:586,6322
DA:587,13855
DA:589,6322
DA:590,7264
DA:591,6322
DA:592,12644
DA:593,7264
DA:594,8206
DA:595,6322
DA:596,13855
DA:598,6322
DA:599,6322
DA:600,6322
DA:601,6322
DA:602,6322
DA:603,12644
DA:604,7264
DA:605,7264
DA:606,7264
DA:607,7264
DA:608,8206
DA:609,6322
DA:630,3
DA:631,3
DA:632,3
DA:633,3
DA:642,3
DA:643,3
DA:652,7
DA:653,8
DA:654,7
DA:663,4
DA:664,12
DA:665,12
DA:666,8
DA:667,8
DA:669,4
DA:670,2
DA:671,2
DA:672,2
DA:673,8
DA:674,6
DA:675,6
DA:676,6
DA:677,2
DA:686,0
DA:687,0
DA:696,72
DA:697,72
DA:698,57
DA:708,6
DA:709,6
LH:397
LF:423
end_of_record
SF:src/factorization.jl
DA:12,6
DA:13,6
DA:14,6
DA:15,6
DA:16,6
DA:18,2
DA:19,2
DA:27,4902
DA:28,4902
DA:29,4902
DA:30,3499
DA:31,3499
DA:32,2801
DA:39,3
DA:47,2
DA:48,0
DA:49,0
DA:56,0
DA:57,0
DA:58,0
DA:65,39
DA:66,39
DA:68,0
DA:69,0
DA:76,2
DA:77,2
DA:79,0
DA:80,0
DA:89,70
DA:90,70
DA:91,71
DA:92,70
DA:93,3
DA:94,3
DA:96,70
DA:97,5
DA:98,4
DA:100,4
DA:102,66
DA:103,66
DA:104,74
DA:105,74
DA:106,129
DA:107,129
DA:108,369
DA:109,498
DA:110,203
DA:111,140
DA:112,66
DA:122,82
DA:123,82
DA:124,82
DA:125,82
DA:126,82
DA:127,82
DA:128,82
DA:129,82
DA:130,256
DA:131,92
DA:132,92
DA:133,92
DA:134,74
DA:136,92
DA:137,92
DA:138,92
DA:139,92
DA:141,82
DA:142,16
DA:143,16
DA:144,16
DA:145,32
DA:147,82
DA:151,16
DA:152,16
DA:153,16
DA:154,32
DA:155,121
DA:156,226
DA:157,16
DA:168,74
DA:169,74
DA:170,74
DA:171,74
DA:172,74
DA:173,74
DA:174,74
DA:175,370
DA:176,296
DA:177,296
DA:178,296
DA:179,90
DA:180,90
DA:182,296
DA:183,296
DA:184,74
DA:185,39
DA:187,74
DA:188,0
DA:190,74
DA:193,2801
DA:194,2801
DA:195,2801
DA:196,2801
DA:197,2801
DA:198,2801
DA:199,5415
DA:200,4352
DA:201,4751
DA:202,4352
DA:203,2614
DA:204,2614
DA:205,1063
DA:216,129
DA:217,129
DA:218,129
DA:219,129
DA:220,129
DA:221,75
DA:222,75
DA:223,75
DA:224,75
DA:225,348
DA:226,273
DA:227,273
DA:228,273
DA:229,546
DA:230,806
DA:231,806
DA:232,806
DA:233,240
DA:234,240
DA:236,1339
DA:237,273
DA:238,75
DA:246,3
DA:247,3
DA:248,3
DA:249,19
DA:250,16
DA:251,16
DA:252,16
DA:253,16
DA:254,3
DA:258,7229
DA:259,7229
DA:260,7229
DA:263,0
DA:268,0
DA:269,0
DA:272,712
DA:273,712
DA:277,10
DA:278,10
DA:279,10
DA:280,37
DA:281,47
DA:282,10
LH:144
LF:157
end_of_record
SF:src/fraction.jl
DA:3,12
DA:4,0
DA:7,12
DA:8,37
DA:9,43
DA:10,1
DA:12,1720
DA:13,1208
DA:14,0
DA:16,1
DA:18,1510
DA:19,4
DA:21,226
DA:22,2
DA:23,395
DA:24,1
DA:25,1
DA:26,0
DA:27,4
DA:28,1392
DA:29,1395
DA:30,1392
DA:31,1392
DA:32,1392
DA:33,1392
DA:34,1392
DA:35,1392
DA:36,1392
DA:37,1392
DA:38,1392
DA:39,1392
DA:40,1392
DA:41,1392
DA:42,1392
DA:43,1392
DA:45,1
DA:46,2
DA:47,1
DA:48,1
DA:49,1
DA:50,1
DA:51,1
DA:52,1
DA:54,1198
DA:55,212
DA:56,100
DA:57,897
DA:59,4
DA:60,1
DA:61,7
DA:62,1
DA:65,1
DA:68,0
DA:69,0
DA:73,0
DA:77,895
DA:78,895
DA:79,895
DA:80,895
DA:81,895
DA:82,895
DA:83,895
DA:84,895
DA:87,1751
DA:88,1751
DA:89,1751
DA:90,1751
DA:91,1751
DA:92,1751
DA:93,1751
DA:94,1751
DA:95,1751
DA:97,555
DA:98,555
DA:101,42
DA:102,549
DA:103,875
DA:104,933
DA:105,0
DA:106,524
DA:107,0
DA:109,12
DA:110,2
DA:111,109
DA:112,247
DA:113,30
DA:114,0
DA:116,21
DA:117,2
DA:119,100
DA:120,120
DA:121,120
DA:122,137
DA:125,0
DA:126,0
DA:127,0
DA:128,0
DA:143,3
DA:144,3
DA:147,3
DA:148,3
DA:149,3
DA:150,3
DA:151,3
DA:152,3
DA:153,3
DA:154,3
DA:155,10
DA:156,14
DA:157,10
DA:158,10
DA:159,7
DA:160,7
DA:161,7
DA:162,7
DA:163,7
DA:164,7
DA:165,7
DA:166,7
DA:167,5
DA:168,3
DA:177,3
DA:178,3
DA:179,3
DA:180,6
DA:181,3
DA:182,3
DA:183,3
DA:184,3
DA:186,3
DA:189,3
DA:193,3
DA:196,3
DA:197,4
DA:198,1
DA:200,2
LH:123
LF:136
end_of_record
SF:src/galoisfields.jl
DA:4,3
DA:24,96
DA:25,39
DA:26,41
DA:27,37
DA:28,37
DA:30,74
DA:31,37
DA:32,37
DA:33,37
DA:34,37
DA:35,34
DA:36,34
DA:37,34
DA:39,26
DA:40,26
DA:41,34
DA:42,8
DA:43,8
DA:44,26
DA:46,40
DA:47,14
DA:48,14
DA:49,14
DA:50,14
DA:51,14
DA:52,14
DA:53,14
DA:54,14
DA:57,26
DA:61,26
DA:62,26
DA:64,26
DA:67,26
DA:79,24104
DA:80,24104
DA:83,3
DA:84,3
DA:85,3
DA:87,73770
DA:88,73770
DA:90,2
DA:91,2
DA:93,2
DA:95,2498
DA:98,112
DA:99,0
DA:100,8
DA:101,4
DA:102,0
DA:104,2
DA:105,0
DA:109,2
DA:111,116
DA:115,116
DA:116,116
DA:121,4
DA:125,2
DA:127,53
DA:128,53
DA:131,88
DA:132,42
DA:133,38
DA:134,18
DA:135,4606
DA:136,385
DA:137,9
DA:138,0
DA:141,154096
DA:142,154096
DA:143,141475
DA:144,135234
DA:146,135234
DA:148,0
DA:149,0
DA:150,0
DA:151,0
DA:154,13372
DA:155,13372
DA:156,12130
DA:157,9147
DA:158,9147
DA:160,9147
DA:162,0
DA:163,0
DA:164,0
DA:165,0
DA:166,0
DA:168,1860
DA:169,1860
DA:170,1860
DA:171,1856
DA:172,1856
DA:174,0
DA:175,0
DA:176,0
DA:179,89
DA:183,164
DA:184,164
DA:185,164
DA:186,0
DA:188,164
DA:189,164
DA:190,166
DA:191,164
DA:200,164
DA:201,164
DA:203,0
DA:204,0
DA:205,0
DA:206,0
DA:207,0
DA:208,0
DA:209,0
DA:213,0
DA:223,0
DA:224,0
DA:225,0
DA:226,0
DA:228,0
DA:229,0
DA:230,0
DA:238,1
DA:239,1
DA:241,0
DA:242,0
DA:250,0
DA:252,21
DA:254,3302
DA:255,6
DA:256,46964
DA:258,100698
DA:259,100698
DA:260,100698
DA:261,100698
DA:262,100698
DA:265,101676
DA:266,101676
DA:267,96524
DA:268,91001
DA:269,91001
DA:270,91001
DA:271,42106
DA:273,91001
DA:274,91001
DA:275,91001
DA:277,86398
DA:279,0
DA:280,0
DA:283,21462
DA:284,21462
DA:285,17697
DA:286,11932
DA:287,11932
DA:288,11932
DA:289,9688
DA:290,12883
DA:291,9688
DA:292,4328
DA:294,19200
DA:295,9688
DA:297,0
DA:298,0
DA:301,7765
DA:302,7765
DA:303,4585
DA:304,3998
DA:305,3998
DA:306,6291
DA:307,3998
DA:309,0
DA:310,0
DA:313,601207
DA:314,5732
DA:315,4397
DA:316,0
DA:317,2
DA:319,47
DA:320,39
DA:322,10
DA:323,10
DA:324,10
DA:327,6
DA:328,18
DA:330,12
DA:332,0
DA:334,6
DA:337,24104
DA:338,24104
DA:340,0
DA:341,0
DA:344,6734
DA:345,6734
DA:346,7792
DA:347,19630
DA:348,25306
DA:349,6734
DA:352,4
DA:353,4
DA:354,4
DA:355,4
DA:357,0
DA:358,0
DA:361,120
DA:365,120
DA:366,120
DA:367,120
DA:368,120
DA:370,120
DA:371,120
DA:372,120
DA:373,120
DA:374,240
DA:375,362
DA:376,262
DA:377,131
DA:378,120
DA:402,101
DA:409,46
DA:410,46
DA:411,46
DA:412,46
DA:413,34
DA:414,34
DA:415,31
DA:416,57
DA:417,31
DA:418,31
DA:420,31
DA:421,143
DA:422,55
DA:423,26
DA:425,114
DA:426,2
DA:432,3
DA:434,3
DA:435,3
DA:436,2
DA:438,1
DA:442,2
DA:444,2
DA:445,2
DA:446,2
DA:447,2
DA:448,21
DA:449,3
DA:450,2
DA:451,16
DA:452,14
DA:453,2
DA:469,16
DA:473,16
DA:474,16
DA:475,16
DA:476,16
DA:477,32
DA:478,32
DA:479,32
DA:480,32
DA:481,112
DA:482,144
DA:483,32
DA:484,48
DA:485,16
DA:493,0
DA:497,0
DA:500,1
DA:503,1
DA:504,13
DA:511,1
DA:512,1
DA:513,1
DA:518,1
DA:528,23
DA:529,23
DA:530,23
DA:533,14
DA:535,14
DA:539,14
DA:542,1
DA:543,1
DA:558,1
DA:559,1
DA:561,1
DA:566,1
DA:567,1
DA:568,1
DA:569,1
DA:570,1
DA:571,1
DA:572,1
DA:573,1
DA:574,1
DA:575,1
DA:577,1
DA:578,1
DA:579,1
DA:580,1
DA:581,12
DA:582,11
DA:583,2
DA:585,1
DA:586,8
DA:587,0
DA:588,0
DA:590,8
DA:591,8
DA:592,3
DA:594,3
DA:598,1
DA:600,7
DA:601,0
DA:604,0
DA:608,0
DA:611,0
DA:612,0
DA:613,0
DA:614,0
DA:615,0
DA:616,0
DA:619,0
DA:620,0
DA:623,0
DA:628,0
DA:629,0
DA:632,2
DA:637,2
DA:638,1
DA:641,1
DA:642,1
DA:643,2
DA:645,1
DA:646,0
DA:648,1
DA:649,6
DA:650,0
DA:651,6
DA:652,1
DA:662,0
DA:663,0
DA:664,0
DA:665,0
DA:677,90
DA:678,90
DA:679,88
DA:680,86
DA:681,86
DA:684,0
DA:685,0
DA:686,0
DA:687,0
DA:688,0
DA:690,0
DA:691,0
DA:692,0
DA:693,0
DA:694,0
DA:695,0
DA:696,0
DA:697,0
DA:698,0
DA:701,0
DA:703,0
DA:704,0
DA:705,0
DA:706,0
DA:707,0
DA:708,0
DA:709,0
DA:710,0
DA:711,0
DA:712,0
DA:714,0
DA:715,0
DA:718,24104
DA:719,24104
DA:720,24104
LH:279
LF:377
end_of_record
SF:src/generic.jl
DA:2,0
DA:3,0
DA:6,168
DA:7,168
DA:8,168
DA:9,40
DA:10,128
DA:11,82
DA:12,82
DA:13,64
DA:15,18
DA:18,46
DA:22,2
DA:23,14
DA:24,11
DA:27,1
DA:47,9026
DA:48,7864
DA:49,14236
DA:54,873
DA:55,4
DA:57,96514
DA:58,39580879
DA:59,39580879
DA:60,5190
DA:61,5190
DA:63,39576596
DA:66,57271
DA:68,10
DA:69,21
DA:70,16
DA:71,16
DA:73,5
DA:74,5
DA:77,5643
DA:78,5643
DA:79,5646
DA:80,5640
DA:82,545590
DA:83,545590
DA:85,163
DA:86,37530
DA:87,158802
DA:88,23288
DA:89,580
DA:91,23
DA:92,0
DA:93,0
DA:96,56
DA:97,6
DA:98,132
DA:99,95
DA:101,184
DA:102,184
DA:109,3
DA:110,101
DA:118,0
DA:126,3
DA:133,4681
DA:140,9278
DA:148,0
DA:149,0
DA:157,120
DA:158,120
DA:159,117
DA:160,117
DA:161,117
DA:162,117
DA:164,260
DA:165,520
DA:166,572
DA:167,429
DA:168,101
DA:170,340
DA:171,340
DA:173,242
DA:174,242
DA:183,65
DA:184,65
DA:185,64
DA:186,63
DA:187,63
DA:188,63
DA:189,63
DA:192,63
DA:193,63
DA:194,63
DA:195,300
DA:196,192
DA:197,38
DA:198,46
DA:199,213
DA:200,63
DA:208,0
DA:209,0
DA:210,118
DA:211,11
DA:212,0
DA:213,68
DA:214,68
DA:222,93
DA:230,16
DA:231,0
DA:232,0
DA:233,9
DA:240,9
DA:251,32
DA:253,0
DA:254,0
DA:255,0
DA:257,0
DA:260,0
DA:261,1
DA:267,1
DA:274,0
DA:276,120516
DA:282,0
DA:291,6549
DA:293,10
DA:294,13
DA:296,33383
DA:299,2
DA:301,67207
DA:302,24215
DA:304,7833
DA:305,7833
DA:306,7833
DA:307,7833
DA:311,15682
DA:312,15682
DA:313,24215
DA:314,37174
DA:315,42153
DA:316,21724
DA:317,1
DA:318,1
DA:320,21723
DA:321,21723
DA:322,21723
DA:323,15451
DA:324,15451
DA:328,3849
DA:329,3849
DA:330,3849
DA:331,3849
DA:332,7385
DA:333,5931
DA:334,5012
DA:335,4702
DA:336,3694
DA:338,3
DA:340,2
DA:343,139
DA:344,139
DA:345,139
DA:347,585
DA:349,839
DA:350,447
DA:351,448
DA:352,446
DA:353,446
DA:354,446
DA:355,138
DA:356,265
DA:357,47
DA:359,91
DA:363,3
DA:364,3
DA:365,3
DA:366,3
DA:367,3
DA:368,3
DA:369,6
DA:370,6
DA:371,12
DA:372,9
DA:373,12
DA:374,9
DA:375,3
DA:377,3
DA:380,4
DA:381,6
DA:384,1
DA:385,1
DA:386,1
DA:387,1
DA:388,2
DA:389,2
DA:390,2
DA:391,1
DA:392,1
DA:395,5160
DA:396,5160
DA:397,10
DA:398,5150
DA:399,0
DA:400,5150
DA:401,557
DA:402,4593
DA:403,0
DA:404,0
DA:405,0
DA:406,0
DA:408,0
DA:411,4593
DA:412,4835
DA:413,6717
DA:414,2124
DA:415,2124
DA:416,4593
DA:417,11072
DA:418,6479
DA:419,8365
DA:420,16693
DA:421,10214
DA:422,10214
DA:423,6479
DA:424,6479
DA:425,4593
DA:457,12
DA:458,12
DA:459,12
DA:460,12
DA:461,12
DA:462,12
DA:463,8
DA:464,4
DA:466,12
DA:467,96
DA:468,48
DA:469,12
DA:472,100
DA:473,50
DA:474,50
DA:475,88
DA:476,44
DA:477,44
DA:478,64
DA:479,94
DA:480,175
DA:481,81
DA:482,81
DA:484,94
DA:485,21
DA:487,168
DA:488,44
DA:489,20
DA:491,44
DA:501,2
DA:502,2
DA:503,50
DA:504,88
DA:505,0
DA:508,50
DA:509,0
DA:511,50
DA:512,4
DA:513,31250
DA:514,0
DA:516,31250
DA:517,0
DA:519,31250
DA:520,0
DA:522,31250
LH:234
LF:264
end_of_record
SF:src/ideal.jl
DA:4,50
DA:5,1
DA:6,1
DA:8,18
DA:9,18
DA:10,2
DA:11,17
DA:12,5
DA:14,11
DA:17,10
DA:18,5
DA:19,6
DA:20,46
DA:26,48
DA:27,48
DA:28,48
DA:31,9
DA:32,10
DA:33,45
DA:34,53
DA:35,9
DA:38,22
DA:39,1
DA:40,1
DA:42,3
DA:43,3
DA:45,1
DA:46,1
DA:48,13
DA:49,13
DA:50,13
DA:53,1
DA:54,1
DA:56,10
DA:57,10
DA:58,2
DA:59,8
DA:60,1
DA:61,7
DA:62,5
DA:63,2
DA:64,1
DA:66,1
DA:71,1
DA:73,4
DA:74,4
DA:77,4
DA:78,4
DA:79,4
DA:80,4
DA:81,4
DA:82,4
DA:85,1
DA:86,5
DA:87,5
DA:88,4
DA:89,3
DA:90,3
LH:58
LF:58
end_of_record
SF:src/intfactorization.jl
DA:2,0
DA:3,0
DA:4,0
DA:5,0
DA:6,0
DA:8,0
DA:9,0
DA:18,0
DA:19,0
DA:20,0
DA:21,0
DA:24,26
DA:25,15
DA:26,11
DA:27,11
DA:28,11
DA:29,11
DA:30,11
DA:31,11
DA:34,0
DA:35,0
DA:36,0
DA:39,36
DA:40,18
DA:41,18
DA:42,18
DA:43,19
DA:44,18
DA:45,19
DA:46,18
DA:47,19
DA:48,19
DA:49,18
DA:50,18
DA:51,36
DA:52,26
DA:53,20
DA:54,40
DA:56,28
DA:58,18
DA:61,0
DA:62,0
DA:63,0
DA:64,0
DA:65,0
DA:66,0
DA:67,0
DA:68,0
DA:69,0
DA:70,0
DA:72,0
DA:73,0
DA:75,0
DA:76,0
DA:77,0
DA:79,0
DA:81,0
DA:90,18
DA:91,18
DA:92,18
DA:93,34
DA:94,16
DA:96,2
DA:97,7
DA:98,5
DA:99,5
DA:100,5
DA:101,5
DA:102,2
DA:104,18
DA:113,23
DA:114,23
DA:115,23
DA:118,0
DA:119,0
DA:120,0
DA:121,0
DA:122,0
DA:123,0
DA:125,0
DA:129,40
DA:130,20
DA:133,0
DA:134,0
DA:135,0
DA:136,0
DA:141,62
DA:142,31
DA:143,31
DA:149,31
DA:152,31
DA:153,31
DA:154,72
DA:157,41
DA:158,0
DA:160,82
DA:161,41
DA:164,41
DA:165,41
DA:166,31
DA:174,33
DA:175,11
DA:176,22
DA:181,62
DA:183,102
DA:185,62
DA:186,31
DA:187,31
DA:188,31
DA:189,31
DA:191,40
DA:192,9
DA:193,9
DA:195,9
DA:196,4
DA:197,4
DA:198,4
DA:200,9
DA:201,9
DA:202,31
DA:207,40
DA:208,40
DA:209,80
DA:210,40
DA:211,100
DA:212,60
DA:213,60
DA:214,60
DA:215,60
DA:216,60
DA:217,60
DA:218,80
DA:219,40
DA:220,60
DA:221,40
DA:229,1
DA:231,1
DA:232,1
DA:233,1
DA:234,8
DA:235,8
DA:236,7
DA:237,0
DA:238,0
DA:239,0
DA:240,0
DA:241,0
DA:242,0
DA:243,0
DA:244,0
DA:246,7
DA:247,0
DA:251,60
DA:252,120
DA:253,60
DA:265,72
DA:266,72
DA:267,144
DA:268,100
DA:269,100
DA:270,100
DA:271,100
DA:272,100
DA:273,41
DA:275,59
DA:276,59
DA:277,59
DA:279,128
DA:280,72
DA:281,72
DA:290,41
DA:291,41
DA:293,41
DA:294,41
DA:296,41
DA:297,41
DA:298,82
DA:299,41
DA:308,0
DA:309,0
DA:310,0
DA:311,0
DA:312,0
DA:313,0
DA:314,0
DA:315,0
DA:316,0
DA:329,72
DA:334,72
DA:335,144
DA:336,75
DA:337,72
DA:339,72
DA:340,172
DA:341,100
DA:342,100
DA:343,200
DA:344,4520
DA:345,4520
DA:346,8730
DA:348,831
DA:349,831
DA:352,4520
DA:353,2631
DA:354,2631
DA:356,5262
DA:357,2631
DA:358,38
DA:359,38
DA:360,48
DA:361,56
DA:362,28
DA:363,56
DA:364,28
DA:366,38
DA:367,38
DA:368,38
DA:370,38
DA:371,38
DA:372,38
DA:373,76
DA:378,38
DA:381,4482
DA:382,100
DA:383,100
DA:384,72
DA:385,144
DA:386,72
DA:389,100
DA:390,100
DA:391,200
DA:392,100
DA:395,4520
DA:396,4520
DA:397,5785
DA:398,4520
DA:399,4520
DA:410,108
DA:411,108
DA:412,108
DA:413,110
DA:414,106
DA:415,212
DA:416,200
DA:417,106
DA:418,212
DA:419,106
DA:420,1179
DA:421,106
DA:422,89
DA:424,17
DA:426,106
DA:427,106
DA:428,106
DA:429,178
DA:430,984
DA:431,984
DA:432,984
DA:433,1896
DA:434,106
DA:449,42
DA:454,42
DA:455,42
DA:456,42
DA:457,42
DA:458,42
DA:459,56
DA:460,42
DA:461,42
DA:462,84
DA:463,43
DA:465,42
DA:466,42
DA:467,42
DA:468,42
DA:469,42
DA:471,42
DA:472,42
DA:473,42
DA:474,42
DA:475,42
DA:477,42
DA:479,42
DA:480,42
DA:483,84
DA:484,3096
DA:485,84
DA:489,0
DA:490,0
DA:492,1588
DA:493,1601
DA:495,5860
DA:496,7704
DA:498,874
DA:499,1748
DA:500,874
DA:508,18
DA:509,18
DA:510,18
DA:511,18
DA:512,118
DA:513,100
DA:514,100
DA:515,18
DA:516,18
DA:517,2
DA:519,18
DA:527,0
DA:528,0
DA:529,0
DA:530,0
DA:531,0
DA:532,0
DA:533,0
DA:534,0
DA:535,0
DA:536,0
DA:545,2659
DA:552,19584
DA:559,4520
DA:560,4520
DA:561,19872
DA:569,0
DA:570,0
DA:571,0
DA:572,0
DA:575,11981
DA:576,11981
DA:577,23921
DA:578,11981
DA:579,11981
DA:580,11940
DA:581,11940
DA:582,11940
DA:583,91511
DA:584,79571
DA:585,79571
DA:586,79571
DA:587,28649
DA:589,79571
DA:590,11940
DA:592,0
DA:593,0
DA:594,0
DA:595,0
DA:596,0
DA:598,0
DA:599,0
DA:602,203
DA:603,203
DA:611,79
DA:612,79
DA:624,0
DA:629,0
DA:630,0
DA:631,0
DA:632,0
DA:633,0
DA:634,0
DA:635,0
DA:638,0
DA:639,0
DA:650,0
DA:651,0
DA:652,0
DA:653,0
DA:654,0
DA:655,0
DA:656,0
DA:657,0
DA:658,0
DA:659,0
DA:660,0
DA:661,0
DA:662,0
DA:663,0
DA:665,0
DA:666,0
DA:670,1
DA:671,1
DA:672,2
DA:673,1
DA:674,0
DA:675,0
DA:677,1
DA:679,2
DA:680,8
DA:681,1
DA:682,1
DA:683,1
DA:684,0
DA:685,0
DA:687,8
DA:688,1
DA:690,2
DA:691,1
DA:694,0
DA:695,0
DA:696,0
DA:697,0
DA:698,0
DA:700,1
DA:701,1
DA:702,3
DA:703,4
DA:704,1
DA:707,1
DA:708,1
DA:709,1
DA:710,5
DA:711,11
DA:712,11
DA:713,3
DA:715,20
DA:716,4
DA:717,1
DA:720,0
DA:721,0
DA:722,0
DA:723,0
DA:724,0
DA:725,0
DA:726,0
DA:727,0
DA:728,0
DA:729,0
DA:730,0
DA:731,0
DA:733,0
DA:736,0
DA:737,0
DA:738,0
DA:740,1
DA:741,1
DA:742,2
DA:743,5
DA:744,11
DA:745,11
DA:746,3
DA:747,3
DA:748,3
DA:749,0
DA:751,3
DA:754,20
DA:755,5
DA:756,1
DA:760,0
DA:761,0
DA:762,0
DA:763,0
DA:764,0
DA:765,0
DA:767,0
DA:768,0
DA:769,0
DA:770,0
DA:771,0
DA:772,0
DA:773,0
DA:774,0
DA:776,0
DA:777,0
DA:778,0
DA:779,0
DA:790,4520
DA:791,4520
DA:792,4520
DA:793,4520
DA:794,4520
DA:795,4520
DA:796,45316
DA:797,40796
DA:798,3163
DA:799,3163
DA:801,40796
DA:802,40796
DA:803,81592
DA:804,179792
DA:805,40796
DA:806,15054
DA:808,40796
DA:810,69498
DA:811,69498
DA:812,69498
DA:813,69498
DA:814,69498
DA:815,40796
DA:816,40796
DA:817,40796
DA:818,40796
DA:819,40796
DA:820,4520
DA:825,0
DA:826,0
DA:827,0
DA:828,0
DA:829,0
DA:830,0
DA:831,0
DA:832,0
DA:833,0
DA:834,0
DA:835,0
DA:836,0
DA:839,0
DA:840,0
DA:841,0
DA:842,0
DA:843,0
DA:844,0
DA:845,0
DA:846,0
DA:847,0
DA:848,0
DA:851,0
DA:852,0
DA:855,0
DA:856,0
DA:857,0
DA:858,0
DA:859,0
DA:860,0
DA:864,0
DA:865,0
DA:866,0
DA:867,0
DA:868,0
DA:869,0
DA:870,0
DA:871,0
DA:873,0
DA:874,0
DA:875,0
DA:876,0
DA:877,0
DA:878,0
DA:879,0
DA:880,0
DA:888,0
DA:895,0
DA:897,0
DA:898,0
DA:899,0
DA:900,0
DA:901,0
DA:902,0
DA:904,0
DA:905,0
DA:906,0
DA:907,0
DA:908,0
DA:909,0
DA:910,0
DA:911,0
DA:912,0
DA:913,0
DA:914,0
DA:915,0
DA:916,0
DA:917,0
DA:918,0
DA:920,0
DA:921,0
DA:922,0
DA:923,0
DA:933,32
DA:936,32
DA:937,32
DA:938,32
DA:939,32
DA:940,64
DA:941,127
DA:943,254
DA:944,127
DA:945,127
DA:948,193
DA:949,127
DA:950,222
DA:951,32
DA:954,0
DA:955,0
DA:956,0
DA:957,0
DA:958,0
DA:959,0
DA:960,0
DA:962,0
DA:963,0
DA:964,0
DA:973,125
DA:974,125
DA:975,125
DA:976,125
DA:977,125
DA:978,125
DA:979,250
DA:980,496
DA:981,867
DA:982,125
DA:983,250
DA:984,496
DA:985,867
DA:986,125
DA:987,125
DA:988,250
DA:989,621
DA:990,1117
DA:991,125
DA:993,0
LH:371
LF:609
end_of_record
SF:src/linearalgebra.jl
DA:5,126
DA:16,399
DA:17,683
DA:18,409
DA:19,293
DA:20,554
DA:21,948
DA:22,930
DA:23,109
DA:24,109
DA:26,1237
DA:27,293
DA:30,486
DA:31,486
DA:32,871
DA:39,152
DA:46,209
DA:47,181
DA:48,223
DA:49,359
DA:56,4
DA:57,4
DA:58,8
DA:59,24
DA:60,44
DA:74,102
DA:75,102
DA:77,102
DA:78,102
DA:79,102
DA:80,354
DA:81,186
DA:82,102
DA:83,201
DA:84,167
DA:85,167
DA:86,125
DA:87,113
DA:90,42
DA:91,42
DA:92,62
DA:93,20
DA:94,20
DA:95,20
DA:96,42
DA:97,24
DA:98,4
DA:99,2
DA:103,167
DA:104,129
DA:105,129
DA:106,244
DA:107,293
DA:108,293
DA:109,457
DA:110,521
DA:111,374
DA:112,471
DA:113,129
DA:114,102
DA:117,0
DA:118,0
DA:119,0
DA:120,0
DA:121,0
DA:122,0
DA:123,0
DA:124,0
DA:125,0
DA:126,0
DA:127,0
DA:128,0
DA:129,0
DA:130,0
DA:131,0
DA:133,0
DA:134,0
DA:139,106
DA:145,106
DA:146,106
DA:147,0
DA:149,106
DA:150,0
DA:152,106
DA:153,210
DA:154,622
DA:155,1140
DA:156,1361
DA:157,2204
DA:158,622
DA:159,1140
DA:160,106
DA:161,390
DA:162,141
DA:163,91
DA:164,105
DA:165,36
DA:167,91
DA:168,173
DA:169,358
DA:170,634
DA:173,106
DA:176,0
DA:177,0
DA:178,0
DA:179,0
DA:180,0
DA:181,0
DA:182,0
DA:183,0
DA:184,0
DA:185,0
DA:187,0
DA:190,0
DA:191,0
DA:201,24
DA:202,24
DA:203,24
DA:204,128
DA:205,24
DA:206,24
DA:207,48
DA:208,106
DA:209,106
DA:210,106
DA:211,91
DA:212,182
DA:213,91
DA:214,91
DA:215,39
DA:216,37
DA:217,59
DA:218,128
DA:219,24
DA:222,0
DA:223,0
DA:225,396
DA:226,396
DA:227,396
DA:228,396
DA:229,396
DA:230,10
DA:231,386
DA:232,7
DA:233,379
DA:234,7
DA:235,372
DA:236,10
DA:237,362
DA:238,10
DA:239,352
DA:240,7
DA:242,345
DA:247,26
DA:249,26
DA:250,26
DA:251,26
DA:252,26
DA:253,26
DA:254,15
DA:255,18
DA:256,14
DA:257,14
DA:259,26
DA:261,38
DA:262,38
DA:265,12
DA:273,64
DA:274,64
DA:275,64
DA:276,64
DA:277,64
DA:278,64
DA:279,64
DA:280,64
DA:283,4
DA:284,4
DA:287,152
DA:288,152
DA:289,152
DA:291,91
DA:292,103
DA:300,43
DA:301,43
DA:302,43
DA:303,47
DA:304,39
DA:305,71
DA:306,14
DA:308,25
DA:309,25
DA:310,25
DA:311,25
DA:312,25
DA:313,25
DA:314,25
DA:315,25
DA:316,25
DA:324,12
DA:325,12
DA:326,12
DA:327,13
DA:328,11
DA:329,19
DA:330,5
DA:332,6
DA:333,6
DA:334,6
DA:335,6
DA:336,6
DA:337,6
DA:338,6
DA:339,6
DA:340,6
DA:341,6
DA:342,6
DA:343,6
DA:344,6
DA:345,6
DA:353,4
DA:354,4
DA:355,4
DA:356,8
DA:357,4
DA:361,19
DA:362,6
DA:365,2
DA:366,2
DA:367,1
DA:369,0
DA:371,25
DA:372,6
DA:374,2
DA:375,2
DA:376,2
DA:378,96
DA:379,96
DA:380,96
DA:382,8
DA:383,8
DA:384,8
DA:386,0
DA:387,0
DA:388,0
DA:397,16
DA:398,16
DA:399,8
DA:407,2
DA:408,2
DA:409,2
DA:410,2
DA:411,4
DA:412,4
DA:413,4
DA:414,2
DA:424,9
DA:425,9
DA:426,9
DA:427,10
DA:428,9
DA:429,9
LH:223
LF:261
end_of_record
SF:src/multivarpolynom.jl
DA:5,19
DA:6,38
DA:7,19
DA:8,19
DA:9,19
DA:11,7
DA:12,14
DA:13,7
DA:16,5
DA:17,5
DA:18,5
DA:21,12
DA:22,12
DA:23,24
DA:24,24
DA:25,12
DA:26,24
DA:27,12
DA:28,12
DA:35,4
DA:38,0
DA:43,0
DA:47,0
DA:52,8
DA:55,31090
DA:58,31090
DA:61,68
DA:64,68
DA:65,55
DA:66,55
DA:67,55
DA:68,55
DA:69,55
DA:70,110
DA:71,119
DA:72,163
DA:73,161
DA:74,182
DA:75,181
DA:76,53
DA:77,53
DA:78,53
DA:79,53
DA:81,16
DA:85,16
DA:86,4
DA:87,4
DA:88,6
DA:89,2
DA:90,2
DA:91,2
DA:92,2
DA:93,2
DA:94,2
DA:95,4
DA:96,4
DA:97,4
DA:98,2
DA:99,2
DA:100,2
DA:101,2
DA:102,3
DA:104,6
DA:105,4
DA:106,4
DA:107,2
DA:110,6455
DA:111,7367
DA:113,39
DA:114,56
DA:117,23455
DA:118,3
DA:119,6
DA:127,5
DA:128,6
DA:129,4
DA:130,4
DA:131,4
DA:132,8
DA:133,8
DA:134,16
DA:135,16
DA:136,7
DA:137,7
DA:138,17
DA:139,3
DA:140,3
DA:141,21
DA:142,7
DA:143,7
DA:144,7
DA:145,7
DA:148,12
DA:149,8
DA:150,8
DA:151,4
DA:159,6478
DA:160,6478
DA:161,6478
DA:162,6478
DA:164,6478
DA:172,2
DA:173,23
DA:174,62
DA:175,23
DA:176,23
DA:177,62
DA:178,62
DA:179,62
DA:180,101
DA:181,23
DA:184,119664
DA:185,239326
DA:188,2
DA:189,2
DA:190,2
DA:191,2
DA:194,2
DA:195,2
DA:196,2
DA:197,2
DA:205,158443
DA:206,158443
DA:209,43271
DA:213,43271
DA:214,43271
DA:215,43271
DA:219,16735
DA:220,16735
DA:222,6518
DA:223,6518
DA:226,5742
DA:227,5738
DA:228,83
DA:229,83
DA:230,71
DA:231,138
DA:232,69
DA:233,138
DA:234,73
DA:235,2
DA:236,2
DA:238,77
DA:239,69
DA:242,73
DA:243,7714
DA:244,4
DA:245,4
DA:246,4
DA:248,166
DA:249,166
DA:250,166
DA:251,166
DA:252,10
DA:253,156
DA:254,2
DA:256,154
DA:260,10833
DA:261,10833
DA:262,10833
DA:263,10833
DA:264,10833
DA:265,10833
DA:266,10833
DA:267,21685
DA:268,10833
DA:269,10833
DA:271,63123
DA:272,126246
DA:273,64289
DA:274,52290
DA:275,52290
DA:276,63807
DA:277,92480
DA:278,41898
DA:279,16320
DA:280,15813
DA:281,21872
DA:283,40252
DA:284,52290
DA:285,42791
DA:286,42791
DA:287,6248
DA:288,6248
DA:290,42791
DA:291,42791
DA:293,52290
DA:294,21666
DA:295,21666
DA:296,10833
DA:299,14424
DA:300,14424
DA:301,14424
DA:302,15762
DA:303,13086
DA:305,13080
DA:306,13080
DA:307,13080
DA:308,13149
DA:309,13080
DA:310,13080
DA:312,45047
DA:313,90094
DA:314,46857
DA:315,31967
DA:316,31967
DA:317,31967
DA:318,32109
DA:319,165
DA:320,33
DA:321,33
DA:322,33
DA:324,166
DA:325,31967
DA:326,31965
DA:327,31965
DA:328,63
DA:329,63
DA:331,31965
DA:332,31965
DA:334,31967
DA:335,26160
DA:336,26160
DA:337,13080
DA:340,2
DA:341,2
DA:345,2
DA:347,2
DA:348,2
DA:349,2
DA:350,2
DA:351,4
DA:352,2
DA:354,2
DA:355,6
DA:356,6
DA:357,5
DA:358,5
DA:359,8
DA:360,3
DA:361,3
DA:362,3
DA:364,10
DA:365,2
DA:366,4
DA:367,4
DA:368,4
DA:369,4
DA:370,24
DA:371,10
DA:373,20
DA:374,4
DA:375,6
DA:376,2
DA:386,5652
DA:390,5652
DA:393,952
DA:398,952
DA:399,952
DA:400,952
DA:401,952
DA:402,1904
DA:403,1904
DA:404,1904
DA:405,2856
DA:406,952
DA:410,2
DA:411,22
DA:412,0
DA:428,62860
DA:429,62860
DA:430,62860
DA:431,62860
DA:432,62860
DA:433,121363
DA:434,124871
DA:435,124871
DA:436,124871
DA:437,191239
DA:438,62860
DA:448,335591
DA:449,335591
DA:450,335591
DA:451,335590
DA:452,671180
DA:453,905101
DA:454,905101
DA:455,905101
DA:456,1474612
DA:457,335590
DA:458,620972
DA:459,569511
DA:460,569511
DA:461,569511
DA:462,853640
DA:463,335590
DA:471,905106
DA:472,905106
DA:473,905105
DA:474,569513
DA:475,514376
DA:476,496873
DA:477,496873
DA:478,12301
DA:479,12301
DA:481,484572
DA:483,496873
DA:484,476929
DA:485,836737
DA:486,359808
DA:487,359808
DA:488,359808
DA:489,359808
DA:490,476929
DA:491,263270
DA:492,131635
DA:493,131635
DA:494,131635
DA:495,131635
DA:496,131635
DA:500,0
DA:501,0
DA:502,0
DA:503,0
DA:504,0
DA:505,0
DA:506,0
DA:507,0
DA:508,0
DA:509,0
DA:511,0
DA:512,0
DA:516,35301
DA:517,35301
DA:518,35301
DA:521,15
DA:522,81
DA:524,18
DA:528,18
DA:530,12
DA:534,12
DA:535,36
DA:545,40019
DA:551,40019
DA:552,40019
DA:553,51339
DA:554,28699
DA:557,5130
DA:563,5130
DA:564,5130
DA:565,6959
DA:566,3301
DA:567,3301
DA:568,3301
DA:569,9903
DA:572,89788
DA:573,111473
DA:576,81915
DA:577,81915
DA:585,11
DA:586,148
DA:587,67
DA:588,0
DA:590,5
DA:591,5
DA:592,5
DA:593,5
DA:594,5
DA:595,5
DA:596,5
DA:597,5
DA:598,10
DA:599,5
DA:600,5
DA:601,5
DA:604,0
DA:605,0
DA:606,0
DA:607,0
DA:608,0
DA:609,0
DA:610,0
DA:611,0
DA:612,0
DA:613,0
DA:614,0
DA:615,0
DA:618,0
DA:619,0
DA:622,1
DA:624,2
DA:625,2
DA:626,0
DA:628,2
DA:629,2
DA:631,1
DA:632,1
DA:633,1
DA:638,19731
DA:640,39462
DA:641,19731
DA:642,19731
DA:643,38962
DA:644,81915
DA:645,81915
DA:646,5020
DA:647,5020
DA:648,5020
DA:650,76895
DA:651,19731
DA:652,5020
DA:653,10040
DA:654,10040
DA:655,5020
DA:656,1495
DA:657,1495
DA:658,3525
DA:659,3525
DA:660,3525
DA:662,0
DA:663,0
DA:664,0
DA:665,0
DA:669,874
DA:670,874
DA:671,874
DA:672,874
DA:673,874
DA:674,2089
DA:675,1215
DA:676,2402
DA:677,19731
DA:678,19731
DA:679,19731
DA:680,5020
DA:681,0
DA:682,0
DA:684,5020
DA:685,14711
DA:686,500
DA:688,37775
DA:689,1215
DA:690,874
DA:698,684
DA:699,1368
DA:700,1368
DA:701,1368
DA:702,1368
DA:704,693
DA:705,684
DA:706,684
DA:707,1368
DA:708,1368
DA:709,684
DA:715,0
DA:716,0
DA:717,0
DA:718,0
DA:722,50
DA:723,50
DA:724,50
DA:725,88
DA:726,68
DA:727,109
DA:728,194
DA:729,44
DA:733,109
DA:734,109
DA:735,109
DA:736,109
DA:737,109
DA:738,109
DA:742,109
DA:746,109
DA:747,109
DA:748,2154
DA:749,2045
DA:750,2045
DA:751,2045
DA:752,2045
DA:753,2045
DA:754,684
DA:755,684
DA:756,684
DA:757,93
DA:758,93
DA:759,93
DA:760,93
DA:762,2045
DA:763,109
DA:766,2045
DA:767,2045
DA:768,2045
DA:769,2045
DA:770,0
DA:771,0
DA:772,0
DA:773,0
DA:774,0
DA:775,0
DA:776,0
DA:778,0
DA:779,0
DA:782,4890
DA:783,4890
DA:784,4890
DA:785,9780
DA:786,9780
DA:787,9780
DA:788,9540
DA:789,141586
DA:790,131660
DA:791,667075
DA:792,1466
DA:794,138668
DA:795,3304
DA:798,93
DA:799,93
DA:800,186
DA:801,2845
DA:802,2845
DA:803,225
DA:805,5597
DA:806,186
DA:807,2845
DA:808,2845
DA:809,225
DA:811,2845
DA:815,50
DA:816,50
DA:817,94
DA:818,246
DA:819,246
DA:820,492
DA:821,246
DA:822,7612
DA:823,5652
DA:824,406
DA:825,406
DA:826,203
DA:827,203
DA:831,5032
DA:833,448
DA:834,50
DA:835,94
DA:836,246
DA:837,246
DA:838,138
DA:839,138
DA:840,84
DA:843,448
DA:844,100
DA:845,94
DA:846,138
DA:847,138
DA:848,138
DA:849,42
DA:851,138
DA:852,232
DA:853,50
DA:857,50
DA:858,50
DA:859,94
DA:860,138
DA:861,138
DA:862,138
DA:863,14
DA:865,232
DA:866,50
DA:867,161
DA:868,50
DA:869,4
DA:871,50
DA:883,50
DA:884,50
DA:894,57
DA:895,57
DA:896,57
DA:897,114
DA:898,588
DA:899,310
DA:900,277
DA:901,57
DA:911,119
DA:912,374
DA:913,238
DA:914,351
DA:915,351
DA:916,297
DA:918,583
DA:919,119
DA:922,119
DA:923,338
DA:924,564
DA:925,56
DA:926,2
LH:545
LF:596
end_of_record
SF:src/numbertheoretical.jl
DA:23,1
DA:24,1
DA:25,1
DA:26,1
DA:27,1
DA:28,1
DA:29,2
DA:30,5
DA:31,2
DA:32,4
DA:33,3
DA:34,1
DA:38,8
DA:39,8
DA:40,16
DA:41,8
DA:42,19
DA:43,19
DA:44,8
DA:45,8
DA:46,10
DA:47,6
DA:49,8
DA:50,11
DA:51,11
DA:52,2
DA:54,22
DA:55,11
DA:56,8
DA:60,9
DA:61,9
DA:62,8
DA:63,8
DA:64,8
DA:65,2
DA:67,8
DA:68,8
DA:69,16
DA:70,8
DA:74,8
DA:75,8
DA:76,8
DA:77,7
DA:78,14
DA:79,5
DA:81,2
DA:93,19
DA:94,6
DA:95,22
DA:96,22
DA:97,22
DA:98,22
DA:99,22
DA:100,44
DA:101,46
DA:102,46
DA:103,46
DA:104,74
DA:105,28
DA:106,26
DA:107,26
DA:109,28
DA:110,28
DA:111,28
DA:112,50
DA:113,70
DA:114,22
LH:67
LF:67
end_of_record
SF:src/qq.jl
DA:3,0
DA:4,0
DA:6,5
DA:9,14
DA:10,42
DA:11,1299
DA:12,15262
DA:14,1178048
DA:15,15
DA:16,34338
DA:17,1741398
DA:19,0
DA:20,1
DA:21,7
DA:22,1741343
DA:24,89808
DA:25,89808
DA:28,89807
DA:29,67530
DA:30,67530
DA:31,67530
DA:32,67530
DA:33,3
DA:34,3
DA:35,2
DA:37,67529
DA:39,2637
DA:40,2637
DA:41,2637
DA:43,0
DA:44,3533051
DA:45,32
DA:48,6
DA:49,3
DA:50,8
DA:51,3
DA:55,0
DA:56,0
DA:62,1550196
DA:65,1263
DA:66,191312
DA:67,49455
DA:68,4571
DA:69,8295
DA:70,182
DA:71,23928
DA:73,28692
DA:74,33578
DA:75,358467
DA:76,34353
DA:77,64971
DA:78,0
DA:79,4
DA:81,8
DA:82,8
DA:83,1
DA:85,7
LH:50
LF:57
end_of_record
SF:src/quotient.jl
DA:3,0
DA:4,2
DA:8,48
DA:10,48
DA:11,48
DA:12,48
DA:13,48
DA:17,121
DA:18,180
DA:19,86
DA:21,18503
DA:22,18503
DA:23,18503
DA:24,18503
DA:27,28
DA:30,8432
DA:34,0
DA:35,2
DA:37,18
DA:42,1954
DA:49,0
DA:50,0
DA:54,146
DA:55,1
DA:56,2156
DA:57,27
DA:58,2736
DA:59,3
DA:60,1
DA:61,4
DA:62,21
DA:64,11
DA:65,60
DA:66,149
DA:67,11
DA:68,12
DA:69,5
DA:70,24
DA:71,45
DA:72,4639
DA:73,4639
DA:74,4639
DA:75,4639
DA:79,0
DA:80,0
DA:82,0
DA:92,18958
DA:95,0
DA:96,1
DA:98,9
DA:99,9
DA:100,9
DA:101,9
DA:103,5
DA:104,5
DA:105,5
DA:106,5
DA:108,4
DA:112,187
DA:113,27
DA:114,29
DA:115,4097
DA:116,0
DA:117,0
DA:118,0
LH:54
LF:65
end_of_record
SF:src/rationalcanonical.jl
DA:13,7
DA:14,7
DA:16,7
DA:17,7
DA:28,17
DA:29,17
DA:30,17
DA:31,17
DA:32,17
DA:33,17
DA:34,17
DA:35,17
DA:36,17
DA:44,1
DA:45,1
DA:46,1
DA:47,2
DA:48,2
DA:49,6
DA:50,5
DA:51,1
DA:54,5
DA:61,5
DA:62,5
DA:63,5
DA:64,5
DA:65,5
DA:66,5
DA:67,5
DA:68,5
DA:69,5
DA:71,5
DA:81,4
DA:82,4
DA:86,12
DA:87,12
DA:88,12
DA:89,12
DA:90,12
DA:91,12
DA:92,12
DA:93,12
DA:94,29
DA:95,45
DA:96,5
DA:97,5
DA:98,5
DA:99,5
DA:100,5
DA:101,12
DA:105,10
DA:108,4
DA:109,4
DA:111,0
DA:112,0
DA:121,4
DA:122,4
DA:130,8
DA:131,8
DA:142,4
DA:143,4
DA:144,4
DA:145,4
DA:146,4
DA:147,7
DA:148,14
DA:149,7
DA:150,11
DA:151,4
DA:154,4
DA:155,4
DA:158,4
DA:159,4
DA:163,7
DA:164,7
DA:165,7
DA:166,7
DA:167,7
DA:168,7
DA:169,7
DA:170,7
DA:171,7
DA:172,4
DA:174,3
DA:175,3
DA:176,3
DA:177,3
DA:178,3
DA:179,3
DA:181,3
DA:183,3
DA:184,3
DA:185,3
DA:186,3
DA:187,3
DA:188,3
DA:189,3
DA:190,3
DA:191,3
DA:192,5
DA:193,2
DA:194,2
DA:195,3
DA:196,6
DA:197,3
DA:205,3
DA:206,3
DA:207,3
DA:208,6
DA:209,6
DA:210,5
DA:211,10
DA:212,7
DA:213,3
LH:112
LF:114
end_of_record
SF:src/typevars.jl
DA:10,0
DA:11,0
DA:19,318
DA:20,530
DA:29,291728
DA:30,51
DA:31,51
DA:45,292
DA:46,384
DA:47,492
DA:48,292
DA:50,26
DA:51,38
DA:52,14
DA:54,26
DA:63,268
DA:64,3
DA:65,1
DA:66,32
DA:67,1
DA:68,49
LH:19
LF:21
end_of_record
SF:src/univarpolynom.jl
DA:5,231
DA:8,18
DA:9,4
DA:11,4
DA:13,0
DA:14,5
DA:15,5
DA:16,3
DA:17,6
DA:19,435
DA:20,270
DA:21,17461
DA:22,34921
DA:23,17464
DA:27,45506
DA:28,45508
DA:36,36
DA:37,41
DA:44,2
DA:45,2
DA:46,2
DA:53,6
DA:54,6
DA:55,6
DA:58,20854
DA:59,20854
DA:60,20856
DA:67,2
DA:71,4
DA:72,1
DA:74,31
DA:76,4
DA:80,2758
DA:81,2640
DA:84,56344
DA:85,56344
DA:86,56344
DA:87,83382
DA:88,27038
DA:89,27038
DA:90,56344
DA:91,5756
DA:93,56344
DA:96,16
DA:97,1
DA:99,40152
DA:101,2764
DA:102,2764
DA:103,2755
DA:104,2755
DA:105,9
DA:106,9
DA:107,9
DA:109,0
DA:115,55
DA:116,55
DA:117,55
DA:120,3353
DA:121,3353
DA:122,7696
DA:123,3232
DA:124,3232
DA:134,57
DA:135,57
DA:140,0
DA:143,19
DA:147,11945
DA:148,11945
DA:149,11945
DA:150,11945
DA:151,11945
DA:152,13171
DA:153,11582
DA:154,20235
DA:155,67184
DA:156,92052
DA:157,16491
DA:158,5772
DA:159,5772
DA:160,10719
DA:161,1478
DA:163,10719
DA:165,412
DA:166,5
DA:167,6
DA:169,7066
DA:170,7066
DA:171,7066
DA:172,7066
DA:173,13673
DA:174,41467
DA:175,51137
DA:176,7066
DA:178,6565
DA:179,1
DA:180,335
DA:181,9
DA:182,1
DA:184,55081
DA:185,55081
DA:186,55081
DA:187,55081
DA:188,55081
DA:189,66169
DA:190,43993
DA:191,86765
DA:192,1221
DA:193,42772
DA:194,21934
DA:195,20838
DA:196,253
DA:198,20585
DA:199,41170
DA:200,1028068
DA:201,1028068
DA:202,1032561
DA:203,2014966
DA:204,48508696
DA:205,68362850
DA:206,1028068
DA:207,1028068
DA:209,42772
DA:212,41339
DA:213,41339
DA:214,432
DA:216,40907
DA:217,40907
DA:219,40907
DA:222,2987
DA:223,141
DA:224,1997
DA:226,17055
DA:227,32778
DA:228,17055
DA:230,33059
DA:231,33059
DA:233,18
DA:235,122
DA:236,122
DA:237,122
DA:238,8
DA:239,114
DA:240,0
DA:241,114
DA:242,2
DA:243,189
DA:244,36
DA:245,76
DA:246,63
DA:247,118
DA:248,60
DA:249,59
DA:250,1
DA:252,59
DA:254,17
DA:263,58
DA:265,7
DA:266,14
DA:267,25
DA:268,43
DA:269,7
DA:278,50038
DA:279,50038
DA:280,50038
DA:281,50043
DA:282,50033
DA:283,50033
DA:284,1588
DA:286,48445
DA:287,48447
DA:288,48445
DA:289,48445
DA:290,20590
DA:291,3609
DA:292,3609
DA:293,1
DA:294,7
DA:296,3609
DA:297,7218
DA:298,13918
DA:299,19531
DA:301,27855
DA:302,27855
DA:303,55710
DA:304,171473
DA:305,177119
DA:306,171473
DA:307,3
DA:308,3
DA:309,3
DA:310,12
DA:311,6
DA:312,3
DA:314,171473
DA:315,342946
DA:316,2735649
DA:317,3655071
DA:318,171473
DA:319,171473
DA:321,243358
DA:322,211894
DA:323,211894
DA:324,62928
DA:325,31464
DA:326,31465
DA:327,1
DA:328,1
DA:329,62928
DA:330,31464
DA:333,51505
DA:334,51505
DA:335,51505
DA:336,51505
DA:337,56772
DA:338,28586
DA:339,34513
DA:340,28125
DA:341,21859
DA:342,21859
DA:343,43718
DA:344,458455
DA:345,906413
DA:346,68015292
DA:347,68508346
DA:348,702191
DA:349,887167
DA:350,21859
DA:353,49903
DA:354,49903
DA:355,49903
DA:356,49903
DA:357,98199
DA:360,99933
DA:361,181297
DA:364,133
DA:365,133
DA:366,133
DA:367,133
DA:368,265
DA:371,1
DA:372,1
DA:373,2
DA:374,1
DA:375,1
DA:376,3
DA:377,2
DA:378,4
DA:379,4
DA:380,4
DA:381,4
DA:382,2
DA:383,2
DA:384,2
DA:385,2
DA:386,2
DA:387,2
DA:388,4
DA:389,9
DA:390,5
DA:391,5
DA:392,3
DA:394,8
DA:395,2
DA:398,6
DA:399,2
DA:400,1
DA:402,2
DA:403,0
DA:404,0
DA:405,2
DA:406,1
DA:416,2
DA:417,2
DA:418,2
DA:419,2
DA:420,2
DA:429,3841
DA:430,3841
DA:431,3841
DA:433,22452
DA:434,44904
DA:435,44904
DA:436,44223
DA:437,22452
DA:444,26293
DA:445,26295
DA:453,9603
DA:459,444938
DA:461,9
DA:462,14
DA:463,5
DA:465,4
DA:469,346
DA:470,16288
DA:471,138934
DA:472,9011
DA:473,6862
DA:474,722
DA:475,10
DA:476,12
DA:478,0
DA:479,52
DA:480,52
DA:481,52
DA:489,63700
DA:496,44
DA:499,0
DA:500,0
DA:511,101164
DA:512,101164
DA:513,101164
DA:514,201473
DA:517,1
DA:518,1
DA:519,1
DA:520,3
DA:521,1
DA:522,1
DA:530,1
DA:531,1
DA:532,1
DA:533,3
DA:534,1
DA:535,1
DA:544,8114
DA:545,8114
DA:546,7965
DA:547,6815
DA:548,6815
DA:549,6815
DA:557,18
DA:558,18
DA:559,18
DA:561,12
DA:562,12
DA:569,0
DA:570,0
DA:571,0
DA:572,0
DA:584,6833
DA:589,6833
DA:590,6833
DA:591,6833
DA:592,6833
DA:593,6833
DA:594,6833
DA:595,1002
DA:596,1002
DA:597,21
DA:600,6833
DA:601,6833
DA:602,6838
DA:603,6830
DA:604,6830
DA:605,6830
DA:606,13021
DA:607,26042
DA:608,13021
DA:609,13021
DA:610,13021
DA:611,13021
DA:612,6191
DA:613,6191
DA:615,6191
DA:616,21
DA:619,6191
DA:620,26
DA:622,12332
DA:623,6191
DA:624,6191
DA:625,6191
DA:626,6349
DA:627,6191
DA:628,13201
DA:629,6830
DA:639,0
DA:641,0
DA:642,0
DA:643,0
DA:644,0
DA:645,0
DA:646,0
DA:647,0
DA:648,0
DA:649,0
DA:650,0
DA:651,0
DA:652,0
DA:653,0
DA:654,0
DA:656,0
DA:657,0
DA:658,0
DA:659,0
DA:660,0
DA:661,0
DA:662,0
DA:663,0
DA:664,0
DA:666,0
DA:667,0
DA:668,0
DA:669,0
DA:670,0
DA:671,0
DA:672,0
DA:673,0
DA:674,0
DA:675,0
DA:676,0
DA:679,0
DA:680,0
DA:682,0
DA:683,0
DA:684,0
DA:693,60
DA:694,60
DA:695,60
DA:696,60
DA:697,60
DA:698,60
DA:699,60
DA:700,60
DA:701,24
DA:702,24
DA:704,36
DA:705,36
DA:706,40
DA:707,36
DA:708,36
DA:709,36
DA:710,89
DA:711,178
DA:712,89
DA:713,89
DA:714,178
DA:715,89
DA:716,89
DA:717,89
DA:718,53
DA:719,53
DA:721,53
DA:722,53
DA:723,105
DA:724,53
DA:725,89
DA:726,53
DA:727,39
DA:728,36
DA:729,36
DA:730,36
DA:739,12
DA:740,12
DA:741,12
DA:742,12
DA:743,7336
DA:744,12
DA:745,19
DA:746,190
DA:747,183
DA:749,12
DA:750,19
DA:751,190
DA:752,183
DA:754,12
DA:762,12
DA:763,12
DA:764,12
DA:772,6869
DA:773,6869
DA:774,6869
DA:775,6927
DA:776,6869
DA:785,23
DA:786,23
DA:787,24
DA:788,22
DA:790,1
DA:795,22187
DA:796,22187
DA:797,22195
DA:798,9296
DA:800,12891
DA:801,12891
DA:802,24735
DA:803,37414
DA:804,62984
DA:805,25782
DA:806,75617
DA:807,131695
DA:808,12891
DA:818,420
DA:819,420
DA:821,16
DA:825,32
DA:826,15
DA:828,1
DA:832,421
DA:833,421
DA:834,421
DA:835,421
DA:836,421
DA:837,417
DA:838,397
DA:839,794
DA:840,3492
DA:841,3421
DA:842,6445
DA:843,397
DA:845,376
DA:855,3817
DA:856,3817
DA:857,3817
DA:858,3817
DA:859,7634
DA:860,25481
DA:861,47145
DA:862,5753
DA:863,1936
DA:864,1936
DA:865,7634
DA:866,3817
DA:870,2
DA:871,2
DA:873,15
DA:874,15
DA:875,15
DA:878,17
DA:879,17
DA:880,17
DA:881,737
DA:882,33
DA:883,82
DA:884,148
DA:885,17
DA:888,1740
DA:889,1740
DA:890,1740
DA:891,1740
DA:892,1740
DA:893,1740
DA:894,1632
DA:895,2750
DA:896,3047
DA:897,2378
DA:898,3354
DA:899,10
DA:906,35
DA:907,0
DA:908,2
DA:909,0
DA:911,101
DA:912,101
DA:913,21
DA:914,80
DA:915,46
DA:919,135
DA:921,42
DA:922,42
DA:923,42
DA:924,41
DA:925,82
DA:926,916
DA:927,916
DA:928,101
DA:929,101
DA:930,34
DA:932,67
DA:933,33
DA:934,38
DA:935,0
DA:936,0
DA:937,34
DA:938,34
DA:939,0
DA:940,0
DA:941,0
DA:942,0
DA:944,34
DA:946,34
DA:949,101
DA:950,101
DA:951,916
DA:954,68
DA:955,68
DA:956,136
DA:957,68
DA:958,11
DA:959,11
DA:960,11
DA:962,94
DA:963,57
DA:967,31
DA:968,36
DA:969,26
DA:970,3
DA:971,0
DA:972,0
DA:982,29
DA:983,29
DA:984,29
DA:985,27
DA:986,27
DA:987,27
DA:988,52
DA:989,245
DA:990,490
DA:991,252
DA:992,245
DA:993,245
DA:995,7
DA:996,245
DA:997,0
DA:999,245
DA:1000,6
DA:1001,21
DA:1002,39
DA:1003,3
DA:1005,245
DA:1006,490
DA:1007,3781
DA:1008,3781
DA:1009,7562
DA:1010,99995
DA:1011,99995
DA:1012,99998
DA:1013,196209
DA:1014,7317
DA:1015,245
DA:1016,465
DA:1017,27
DA:1026,0
DA:1028,0
DA:1030,0
DA:1031,0
DA:1032,0
DA:1033,0
DA:1034,0
DA:1035,0
DA:1038,0
DA:1039,0
DA:1040,0
DA:1042,0
DA:1043,0
DA:1044,0
DA:1045,0
DA:1046,0
DA:1047,0
DA:1048,0
DA:1050,0
DA:1051,0
DA:1053,0
DA:1054,0
DA:1055,0
DA:1056,0
DA:1057,0
DA:1058,0
DA:1061,0
DA:1062,0
DA:1063,0
DA:1064,0
DA:1065,0
DA:1066,0
DA:1067,0
DA:1068,0
DA:1069,0
DA:1070,0
DA:1071,0
DA:1074,0
DA:1077,0
DA:1078,0
DA:1079,0
DA:1080,0
DA:1081,0
DA:1082,0
DA:1084,0
DA:1085,0
DA:1086,0
DA:1087,0
DA:1088,0
DA:1090,0
DA:1091,0
DA:1092,0
DA:1094,0
DA:1095,0
DA:1096,0
DA:1100,0
DA:1103,0
DA:1104,0
DA:1105,0
DA:1106,0
DA:1107,0
DA:1108,0
DA:1109,0
DA:1110,0
DA:1111,0
DA:1112,0
DA:1113,0
DA:1114,0
DA:1115,0
DA:1116,0
DA:1117,0
DA:1118,0
DA:1120,0
DA:1122,0
DA:1125,0
DA:1126,0
DA:1127,0
DA:1135,0
DA:1136,0
DA:1137,0
DA:1138,0
DA:1140,0
DA:1141,0
DA:1142,0
DA:1143,0
DA:1144,0
DA:1146,0
DA:1148,0
DA:1149,0
DA:1150,0
DA:1151,0
DA:1152,0
DA:1162,0
DA:1163,0
DA:1164,0
DA:1165,0
DA:1166,0
DA:1167,0
DA:1168,0
DA:1169,0
DA:1172,0
DA:1174,0
DA:1175,0
DA:1176,0
DA:1177,0
DA:1178,0
DA:1179,0
DA:1180,0
DA:1181,0
DA:1182,0
DA:1183,0
DA:1184,0
DA:1185,0
DA:1186,0
DA:1187,0
DA:1188,0
DA:1189,0
DA:1190,0
DA:1191,0
DA:1192,0
DA:1193,0
DA:1194,0
DA:1195,0
DA:1196,0
DA:1197,0
DA:1198,0
DA:1199,0
DA:1200,0
DA:1201,0
DA:1202,0
DA:1203,0
DA:1204,0
DA:1205,0
DA:1206,0
DA:1207,0
DA:1208,0
DA:1209,0
DA:1210,0
DA:1220,0
DA:1221,0
DA:1222,0
DA:1223,0
DA:1224,0
DA:1226,0
DA:1228,0
DA:1229,0
DA:1230,0
DA:1231,0
DA:1232,0
DA:1233,0
DA:1235,0
DA:1236,0
DA:1238,0
DA:1241,0
DA:1242,0
DA:1243,0
DA:1244,0
DA:1245,0
DA:1246,0
DA:1247,0
DA:1248,0
DA:1249,0
DA:1250,0
DA:1251,0
DA:1252,0
DA:1253,0
DA:1254,0
DA:1255,0
DA:1256,0
DA:1257,0
DA:1259,0
DA:1260,0
DA:1261,0
DA:1262,0
DA:1263,0
DA:1264,0
DA:1266,0
DA:1267,0
DA:1270,0
DA:1272,0
DA:1273,0
DA:1274,0
DA:1275,0
DA:1276,0
DA:1278,0
DA:1279,0
DA:1282,0
DA:1283,0
DA:1284,0
DA:1285,0
DA:1286,0
DA:1287,0
DA:1288,0
DA:1289,0
DA:1290,0
DA:1291,0
DA:1292,0
DA:1293,0
DA:1294,0
DA:1295,0
DA:1296,0
DA:1297,0
DA:1299,0
DA:1301,0
DA:1302,0
DA:1304,0
DA:1305,0
DA:1306,0
DA:1308,0
DA:1310,0
DA:1311,0
DA:1313,0
DA:1314,0
DA:1315,0
DA:1316,0
DA:1317,0
DA:1318,0
DA:1321,0
DA:1323,0
DA:1324,0
DA:1325,0
DA:1326,0
DA:1327,0
DA:1328,0
DA:1330,0
DA:1331,0
DA:1332,0
DA:1335,0
DA:1336,0
DA:1337,0
DA:1338,0
DA:1341,0
DA:1342,0
DA:1344,0
DA:1345,0
DA:1346,0
DA:1347,0
DA:1348,0
DA:1349,0
DA:1350,0
DA:1351,0
DA:1352,0
DA:1353,0
DA:1354,0
DA:1355,0
DA:1356,0
DA:1357,0
DA:1358,0
DA:1359,0
DA:1360,0
DA:1361,0
DA:1362,0
DA:1363,0
DA:1364,0
DA:1365,0
DA:1366,0
DA:1367,0
DA:1368,0
DA:1369,0
DA:1370,0
DA:1371,0
DA:1374,0
DA:1375,0
DA:1376,0
DA:1377,0
DA:1378,0
DA:1379,0
DA:1381,0
DA:1382,0
DA:1383,0
DA:1384,0
DA:1385,0
LH:567
LF:903
end_of_record
SF:src/zz.jl
DA:3,2
DA:6,6
DA:7,100
DA:8,119
DA:9,0
DA:10,20
DA:11,1
DA:12,8689
DA:14,101
DA:15,0
DA:16,1203072
DA:19,8
DA:20,3
DA:21,10
DA:22,7
DA:26,0
DA:27,0
DA:32,58
DA:33,27
DA:37,545
DA:40,5379
DA:41,989760
DA:42,912
DA:43,1103124
DA:44,743
DA:45,26
DA:46,750
DA:47,71616
DA:48,99004
DA:49,5
DA:51,1277
DA:52,2433
DA:53,79995
DA:54,616
DA:55,3130
DA:56,822
DA:57,43
DA:59,2047
DA:60,3
DA:62,6
DA:63,2
DA:64,4
DA:66,62
LH:39
LF:43
end_of_record
SF:src/zzmod.jl
DA:3,245
DA:4,2
DA:5,222
DA:8,115
DA:9,48
DA:10,153
DA:11,0
DA:12,0
DA:14,32
DA:15,2
DA:16,0
DA:18,48972
DA:19,48972
DA:20,48974
DA:21,49000
DA:24,8
DA:25,37092802
DA:26,2
DA:27,3972
DA:29,6
DA:32,2
DA:33,2
DA:34,0
DA:35,0
DA:36,0
DA:37,0
DA:38,0
DA:40,0
DA:43,2
DA:46,28
DA:47,3
DA:49,21
DA:50,21
DA:51,21
DA:52,21
DA:53,20
DA:55,1
DA:59,68264
DA:66,52104
DA:67,52104
DA:68,52104
DA:69,52104
DA:70,52104
DA:71,52104
DA:72,71737
DA:76,849
DA:77,152092
DA:79,8668
DA:83,34645257
DA:84,34645257
DA:85,48535769
DA:86,34645257
DA:88,35537362
DA:89,35537362
DA:90,70125136
DA:91,35537362
DA:93,35188
DA:94,71854446
DA:95,17228
DA:96,43
DA:98,550232
DA:99,2606
DA:101,23743
DA:102,1307222
DA:103,31197
DA:104,331
DA:105,0
DA:106,254
DA:107,0
DA:108,49893
DA:109,174
DA:110,8
DA:113,0
DA:114,0
DA:115,0
DA:116,0
DA:120,71871717
DA:121,71871717
DA:122,140215323
DA:123,3528089
DA:125,17257
DA:126,34509
DA:127,17288
DA:128,17257
DA:132,550234
DA:133,550234
DA:134,550256
DA:135,550234
DA:136,550235
DA:137,550233
DA:138,550228
DA:142,550233
DA:143,550233
DA:144,550233
DA:145,550233
DA:147,550228
DA:148,33799
DA:150,550228
DA:154,20
DA:155,550208
DA:157,1
DA:158,1
DA:159,59
DA:160,1127310
DA:162,23
DA:163,23
DA:164,23
DA:165,23
DA:166,3
DA:168,20
DA:172,198
DA:173,198
DA:175,4677
DA:176,4677
DA:177,4677
DA:180,4903
DA:181,4903
DA:182,9563
DA:183,4903
DA:184,9555
DA:185,9555
DA:186,4652
DA:187,0
LH:107
LF:123
end_of_record
